#-----------------------------------------------------------
# Vivado v2017.4 (64-bit)
# SW Build 2086221 on Fri Dec 15 20:55:39 MST 2017
# IP Build 2085800 on Fri Dec 15 22:25:07 MST 2017
# Start of session at: Mon Mar 28 20:39:46 2022
# Process ID: 5124
# Current directory: C:/Users/lenovo/Desktop/Computer Organization Lab/Lab4/Lab4_1/IP/OExp_newALU
# Command line: vivado.exe -gui_launcher_event rodinguilauncherevent11804 C:\Users\lenovo\Desktop\Computer Organization Lab\Lab4\Lab4_1\IP\OExp_newALU\OExp_newALU.xpr
# Log file: C:/Users/lenovo/Desktop/Computer Organization Lab/Lab4/Lab4_1/IP/OExp_newALU/vivado.log
# Journal file: C:/Users/lenovo/Desktop/Computer Organization Lab/Lab4/Lab4_1/IP/OExp_newALU\vivado.jou
#-----------------------------------------------------------
start_gui
open_project {C:/Users/lenovo/Desktop/Computer Organization Lab/Lab4/Lab4_1/IP/OExp_newALU/OExp_newALU.xpr}
INFO: [Project 1-313] Project file moved from 'C:/Users/lenovo/Desktop/Computer Organization Lab/Lab1/OExp_newALU' since last save.
Scanning sources...
Finished scanning sources
INFO: [filemgmt 56-1] IP Repository Path: Directory not found as 'C:/Users/lenovo/Desktop/Computer Organization Lab/Lab4/Lab4_1/Lab0/tools'; using path 'C:/Users/lenovo/Desktop/Computer Organization Lab/Lab0/tools' instead.
INFO: [IP_Flow 19-234] Refreshing IP repositories
INFO: [IP_Flow 19-1700] Loaded user IP repository 'c:/Users/lenovo/Desktop/Computer Organization Lab/Lab0/tools'.
INFO: [IP_Flow 19-2313] Loaded Vivado IP repository 'D:/vivado2017/Vivado/2017.4/data/ip'.
open_project: Time (s): cpu = 00:00:09 ; elapsed = 00:00:05 . Memory (MB): peak = 819.934 ; gain = 79.359
update_compile_order -fileset sources_1
ipx::package_project -root_dir {c:/users/lenovo/desktop/computer organization lab/lab4/lab4_1/ip/oexp_newalu/oexp_newalu.srcs} -vendor xilinx.com -library user -taxonomy /UserIP
set_property core_revision 2 [ipx::current_core]
ipx::create_xgui_files [ipx::current_core]
ipx::update_checksums [ipx::current_core]
ipx::save_core [ipx::current_core]
set_property  ip_repo_paths  {{c:/users/lenovo/desktop/computer organization lab/lab4/lab4_1/ip/oexp_newalu/oexp_newalu.srcs} {c:/Users/lenovo/Desktop/Computer Organization Lab/Lab0/tools}} [current_project]
update_ip_catalog
INFO: [IP_Flow 19-234] Refreshing IP repositories
INFO: [IP_Flow 19-1700] Loaded user IP repository 'c:/users/lenovo/desktop/computer organization lab/lab4/lab4_1/ip/oexp_newalu/oexp_newalu.srcs'.
INFO: [IP_Flow 19-1700] Loaded user IP repository 'c:/Users/lenovo/Desktop/Computer Organization Lab/Lab0/tools'.
exit
INFO: [Common 17-206] Exiting Vivado at Mon Mar 28 20:40:33 2022...
