#-----------------------------------------------------------
# Vivado v2017.4 (64-bit)
# SW Build 2086221 on Fri Dec 15 20:55:39 MST 2017
# IP Build 2085800 on Fri Dec 15 22:25:07 MST 2017
# Start of session at: Sun Apr 10 18:43:59 2022
# Process ID: 12928
# Current directory: C:/Users/lenovo/Desktop/Computer Organization Lab/Lab4/Lab4_final/IP/ImmGen
# Command line: vivado.exe -gui_launcher_event rodinguilauncherevent26132 C:\Users\lenovo\Desktop\Computer Organization Lab\Lab4\Lab4_final\IP\ImmGen\ImmGen.xpr
# Log file: C:/Users/lenovo/Desktop/Computer Organization Lab/Lab4/Lab4_final/IP/ImmGen/vivado.log
# Journal file: C:/Users/lenovo/Desktop/Computer Organization Lab/Lab4/Lab4_final/IP/ImmGen\vivado.jou
#-----------------------------------------------------------
start_gui
open_project {C:/Users/lenovo/Desktop/Computer Organization Lab/Lab4/Lab4_final/IP/ImmGen/ImmGen.xpr}
INFO: [Project 1-313] Project file moved from 'C:/Users/lenovo/Desktop/Computer Organization Lab/Lab4/Lab4_1/IP/ImmGen' since last save.
Scanning sources...
Finished scanning sources
INFO: [IP_Flow 19-234] Refreshing IP repositories
INFO: [IP_Flow 19-1700] Loaded user IP repository 'c:/Users/lenovo/Desktop/Computer Organization Lab/Lab4/Lab4_final/IP/ImmGen/ImmGen.srcs/sources_1/new'.
INFO: [IP_Flow 19-2313] Loaded Vivado IP repository 'D:/vivado2017/Vivado/2017.4/data/ip'.
update_compile_order -fileset sources_1
ipx::package_project -root_dir {c:/users/lenovo/desktop/computer organization lab/lab4/lab4_final/ip/immgen/immgen.srcs/sources_1/new} -vendor xilinx.com -library user -taxonomy /UserIP -force
set_property core_revision 2 [ipx::current_core]
ipx::create_xgui_files [ipx::current_core]
ipx::update_checksums [ipx::current_core]
ipx::save_core [ipx::current_core]
update_ip_catalog -rebuild -repo_path {c:/Users/lenovo/Desktop/Computer Organization Lab/Lab4/Lab4_final/IP/ImmGen/ImmGen.srcs/sources_1/new}
INFO: [IP_Flow 19-725] Reloaded user IP repository 'c:/Users/lenovo/Desktop/Computer Organization Lab/Lab4/Lab4_final/IP/ImmGen/ImmGen.srcs/sources_1/new'
close_project
create_project RV_Int {C:/Users/lenovo/Desktop/Computer Organization Lab/Lab4/Lab4_final/IP/RV_Int} -part xc7k160tffg676-2L
INFO: [IP_Flow 19-234] Refreshing IP repositories
INFO: [IP_Flow 19-1704] No user IP repositories specified
INFO: [IP_Flow 19-2313] Loaded Vivado IP repository 'D:/vivado2017/Vivado/2017.4/data/ip'.
file mkdir C:/Users/lenovo/Desktop/Computer Organization Lab/Lab4/Lab4_final/IP/RV_Int/RV_Int.srcs/sources_1/new
file mkdir C:/Users/lenovo/Desktop/Computer Organization Lab/Lab4/Lab4_final/IP/RV_Int/RV_Int.srcs/sources_1/new
file mkdir C:/Users/lenovo/Desktop/Computer Organization Lab/Lab4/Lab4_final/IP/RV_Int/RV_Int.srcs/sources_1/new
file mkdir {C:/Users/lenovo/Desktop/Computer Organization Lab/Lab4/Lab4_final/IP/RV_Int/RV_Int.srcs/sources_1/new}
close [ open {C:/Users/lenovo/Desktop/Computer Organization Lab/Lab4/Lab4_final/IP/RV_Int/RV_Int.srcs/sources_1/new/RV_Int.v} w ]
add_files {{C:/Users/lenovo/Desktop/Computer Organization Lab/Lab4/Lab4_final/IP/RV_Int/RV_Int.srcs/sources_1/new/RV_Int.v}}
update_compile_order -fileset sources_1
ipx::package_project -root_dir {c:/users/lenovo/desktop/computer organization lab/lab4/lab4_final/ip/rv_int/rv_int.srcs/sources_1/new} -vendor xilinx.com -library user -taxonomy /UserIP
INFO: [IP_Flow 19-4753] Inferred signal 'reset' from port 'reset' as interface 'reset'.
INFO: [IP_Flow 19-4753] Inferred signal 'clock' from port 'clk' as interface 'clk'.
INFO: [IP_Flow 19-4728] Bus Interface 'clk': Added interface parameter 'ASSOCIATED_RESET' with value 'reset'.
ipx::add_bus_parameter POLARITY [ipx::get_bus_interfaces reset -of_objects [ipx::current_core]]
set_property value ACTIVE_HIGH [ipx::get_bus_parameters POLARITY -of_objects [ipx::get_bus_interfaces reset -of_objects [ipx::current_core]]]
ipx::add_bus_parameter ASSOCIATED_BUSIF [ipx::get_bus_interfaces clk -of_objects [ipx::current_core]]
set_property value clk [ipx::get_bus_parameters ASSOCIATED_BUSIF -of_objects [ipx::get_bus_interfaces clk -of_objects [ipx::current_core]]]
set_property core_revision 2 [ipx::current_core]
ipx::create_xgui_files [ipx::current_core]
ipx::update_checksums [ipx::current_core]
ipx::save_core [ipx::current_core]
set_property  ip_repo_paths  {{c:/users/lenovo/desktop/computer organization lab/lab4/lab4_final/ip/rv_int/rv_int.srcs/sources_1/new}} [current_project]
update_ip_catalog
INFO: [IP_Flow 19-234] Refreshing IP repositories
INFO: [IP_Flow 19-1700] Loaded user IP repository 'c:/users/lenovo/desktop/computer organization lab/lab4/lab4_final/ip/rv_int/rv_int.srcs/sources_1/new'.
close_project
create_project SCPU_ctrl_Int {C:/Users/lenovo/Desktop/Computer Organization Lab/Lab4/Lab4_final/IP/SCPU_ctrl_Int} -part xc7k160tffg676-2L
INFO: [ProjectBase 1-489] The host OS only allows 260 characters in a normal path. The project is stored in a path with more than 80 characters. If you experience issues with IP, Block Designs, or files not being found, please consider moving the project to a location with a shorter path. Alternately consider using the OS subst command to map part of the path to a drive letter.
Current project path is 'C:/Users/lenovo/Desktop/Computer Organization Lab/Lab4/Lab4_final/IP/SCPU_ctrl_Int'
INFO: [IP_Flow 19-234] Refreshing IP repositories
INFO: [IP_Flow 19-1704] No user IP repositories specified
INFO: [IP_Flow 19-2313] Loaded Vivado IP repository 'D:/vivado2017/Vivado/2017.4/data/ip'.
file mkdir C:/Users/lenovo/Desktop/Computer Organization Lab/Lab4/Lab4_final/IP/SCPU_ctrl_Int/SCPU_ctrl_Int.srcs/sources_1/new
file mkdir C:/Users/lenovo/Desktop/Computer Organization Lab/Lab4/Lab4_final/IP/SCPU_ctrl_Int/SCPU_ctrl_Int.srcs/sources_1/new
file mkdir C:/Users/lenovo/Desktop/Computer Organization Lab/Lab4/Lab4_final/IP/SCPU_ctrl_Int/SCPU_ctrl_Int.srcs/sources_1/new
file mkdir {C:/Users/lenovo/Desktop/Computer Organization Lab/Lab4/Lab4_final/IP/SCPU_ctrl_Int/SCPU_ctrl_Int.srcs/sources_1/new}
close [ open {C:/Users/lenovo/Desktop/Computer Organization Lab/Lab4/Lab4_final/IP/SCPU_ctrl_Int/SCPU_ctrl_Int.srcs/sources_1/new/SCPU_ctrl.v} w ]
add_files {{C:/Users/lenovo/Desktop/Computer Organization Lab/Lab4/Lab4_final/IP/SCPU_ctrl_Int/SCPU_ctrl_Int.srcs/sources_1/new/SCPU_ctrl.v}}
update_compile_order -fileset sources_1
ipx::package_project -root_dir {c:/users/lenovo/desktop/computer organization lab/lab4/lab4_final/ip/scpu_ctrl_int/scpu_ctrl_int.srcs/sources_1/new} -vendor xilinx.com -library user -taxonomy /UserIP
set_property core_revision 2 [ipx::current_core]
ipx::create_xgui_files [ipx::current_core]
ipx::update_checksums [ipx::current_core]
ipx::save_core [ipx::current_core]
set_property  ip_repo_paths  {{c:/users/lenovo/desktop/computer organization lab/lab4/lab4_final/ip/scpu_ctrl_int/scpu_ctrl_int.srcs/sources_1/new}} [current_project]
update_ip_catalog
INFO: [IP_Flow 19-234] Refreshing IP repositories
INFO: [IP_Flow 19-1700] Loaded user IP repository 'c:/users/lenovo/desktop/computer organization lab/lab4/lab4_final/ip/scpu_ctrl_int/scpu_ctrl_int.srcs/sources_1/new'.
close_project
create_project DataPath_Int {C:/Users/lenovo/Desktop/Computer Organization Lab/Lab4/Lab4_final/IP/DataPath_Int} -part xc7k160tffg676-2L
INFO: [ProjectBase 1-489] The host OS only allows 260 characters in a normal path. The project is stored in a path with more than 80 characters. If you experience issues with IP, Block Designs, or files not being found, please consider moving the project to a location with a shorter path. Alternately consider using the OS subst command to map part of the path to a drive letter.
Current project path is 'C:/Users/lenovo/Desktop/Computer Organization Lab/Lab4/Lab4_final/IP/DataPath_Int'
INFO: [IP_Flow 19-234] Refreshing IP repositories
INFO: [IP_Flow 19-1704] No user IP repositories specified
INFO: [IP_Flow 19-2313] Loaded Vivado IP repository 'D:/vivado2017/Vivado/2017.4/data/ip'.
file mkdir C:/Users/lenovo/Desktop/Computer Organization Lab/Lab4/Lab4_final/IP/DataPath_Int/DataPath_Int.srcs/sources_1/new
file mkdir C:/Users/lenovo/Desktop/Computer Organization Lab/Lab4/Lab4_final/IP/DataPath_Int/DataPath_Int.srcs/sources_1/new
file mkdir C:/Users/lenovo/Desktop/Computer Organization Lab/Lab4/Lab4_final/IP/DataPath_Int/DataPath_Int.srcs/sources_1/new
file mkdir {C:/Users/lenovo/Desktop/Computer Organization Lab/Lab4/Lab4_final/IP/DataPath_Int/DataPath_Int.srcs/sources_1/new}
close [ open {C:/Users/lenovo/Desktop/Computer Organization Lab/Lab4/Lab4_final/IP/DataPath_Int/DataPath_Int.srcs/sources_1/new/DataPath_Int.v} w ]
add_files {{C:/Users/lenovo/Desktop/Computer Organization Lab/Lab4/Lab4_final/IP/DataPath_Int/DataPath_Int.srcs/sources_1/new/DataPath_Int.v}}
update_compile_order -fileset sources_1
set_property  ip_repo_paths  {{C:/Users/lenovo/Desktop/Computer Organization Lab/Lab4/Lab4_final/IP}} [current_project]
update_ip_catalog
INFO: [IP_Flow 19-234] Refreshing IP repositories
INFO: [IP_Flow 19-1700] Loaded user IP repository 'c:/Users/lenovo/Desktop/Computer Organization Lab/Lab4/Lab4_final/IP'.
WARNING: [IP_Flow 19-3656] If you move the project, the path for repository 'c:/Users/lenovo/Desktop/Computer Organization Lab/Lab4/Lab4_final/IP' may become invalid. A better location for the repository would be in a path adjacent to the project. (Current project location is 'c:/Users/lenovo/Desktop/Computer Organization Lab/Lab4/Lab4_final/IP/DataPath_Int'.)
create_ip -name add_32 -vendor xilinx.com -library user -version 1.0 -module_name add_32_0 -dir {c:/Users/lenovo/Desktop/Computer Organization Lab/Lab4/Lab4_final/IP/DataPath_Int/DataPath_Int.srcs/sources_1/ip}
generate_target {instantiation_template} [get_files {{c:/Users/lenovo/Desktop/Computer Organization Lab/Lab4/Lab4_final/IP/DataPath_Int/DataPath_Int.srcs/sources_1/ip/add_32_0/add_32_0.xci}}]
INFO: [IP_Flow 19-1686] Generating 'Instantiation Template' target for IP 'add_32_0'...
update_compile_order -fileset sources_1
set_property generate_synth_checkpoint false [get_files  {{c:/Users/lenovo/Desktop/Computer Organization Lab/Lab4/Lab4_final/IP/DataPath_Int/DataPath_Int.srcs/sources_1/ip/add_32_0/add_32_0.xci}}]
generate_target all [get_files  {{c:/Users/lenovo/Desktop/Computer Organization Lab/Lab4/Lab4_final/IP/DataPath_Int/DataPath_Int.srcs/sources_1/ip/add_32_0/add_32_0.xci}}]
INFO: [IP_Flow 19-1686] Generating 'Instantiation Template' target for IP 'add_32_0'...
INFO: [IP_Flow 19-1686] Generating 'Synthesis' target for IP 'add_32_0'...
INFO: [IP_Flow 19-1686] Generating 'Simulation' target for IP 'add_32_0'...
export_ip_user_files -of_objects [get_files {{c:/Users/lenovo/Desktop/Computer Organization Lab/Lab4/Lab4_final/IP/DataPath_Int/DataPath_Int.srcs/sources_1/ip/add_32_0/add_32_0.xci}}] -no_script -sync -force -quiet
export_simulation -of_objects [get_files {{c:/Users/lenovo/Desktop/Computer Organization Lab/Lab4/Lab4_final/IP/DataPath_Int/DataPath_Int.srcs/sources_1/ip/add_32_0/add_32_0.xci}}] -directory {C:/Users/lenovo/Desktop/Computer Organization Lab/Lab4/Lab4_final/IP/DataPath_Int/DataPath_Int.ip_user_files/sim_scripts} -ip_user_files_dir {C:/Users/lenovo/Desktop/Computer Organization Lab/Lab4/Lab4_final/IP/DataPath_Int/DataPath_Int.ip_user_files} -ipstatic_source_dir {C:/Users/lenovo/Desktop/Computer Organization Lab/Lab4/Lab4_final/IP/DataPath_Int/DataPath_Int.ip_user_files/ipstatic} -lib_map_path [list {modelsim=C:/Users/lenovo/Desktop/Computer Organization Lab/Lab4/Lab4_final/IP/DataPath_Int/DataPath_Int.cache/compile_simlib/modelsim} {questa=C:/Users/lenovo/Desktop/Computer Organization Lab/Lab4/Lab4_final/IP/DataPath_Int/DataPath_Int.cache/compile_simlib/questa} {riviera=C:/Users/lenovo/Desktop/Computer Organization Lab/Lab4/Lab4_final/IP/DataPath_Int/DataPath_Int.cache/compile_simlib/riviera} {activehdl=C:/Users/lenovo/Desktop/Computer Organization Lab/Lab4/Lab4_final/IP/DataPath_Int/DataPath_Int.cache/compile_simlib/activehdl}] -use_ip_compiled_libs -force -quiet
create_ip -name add_32 -vendor xilinx.com -library user -version 1.0 -module_name add_32_1 -dir {c:/Users/lenovo/Desktop/Computer Organization Lab/Lab4/Lab4_final/IP/DataPath_Int/DataPath_Int.srcs/sources_1/ip}
generate_target {instantiation_template} [get_files {{c:/Users/lenovo/Desktop/Computer Organization Lab/Lab4/Lab4_final/IP/DataPath_Int/DataPath_Int.srcs/sources_1/ip/add_32_1/add_32_1.xci}}]
INFO: [IP_Flow 19-1686] Generating 'Instantiation Template' target for IP 'add_32_1'...
update_compile_order -fileset sources_1
set_property generate_synth_checkpoint false [get_files  {{c:/Users/lenovo/Desktop/Computer Organization Lab/Lab4/Lab4_final/IP/DataPath_Int/DataPath_Int.srcs/sources_1/ip/add_32_1/add_32_1.xci}}]
generate_target all [get_files  {{c:/Users/lenovo/Desktop/Computer Organization Lab/Lab4/Lab4_final/IP/DataPath_Int/DataPath_Int.srcs/sources_1/ip/add_32_1/add_32_1.xci}}]
INFO: [IP_Flow 19-1686] Generating 'Instantiation Template' target for IP 'add_32_1'...
INFO: [IP_Flow 19-1686] Generating 'Synthesis' target for IP 'add_32_1'...
INFO: [IP_Flow 19-1686] Generating 'Simulation' target for IP 'add_32_1'...
export_ip_user_files -of_objects [get_files {{c:/Users/lenovo/Desktop/Computer Organization Lab/Lab4/Lab4_final/IP/DataPath_Int/DataPath_Int.srcs/sources_1/ip/add_32_1/add_32_1.xci}}] -no_script -sync -force -quiet
export_simulation -of_objects [get_files {{c:/Users/lenovo/Desktop/Computer Organization Lab/Lab4/Lab4_final/IP/DataPath_Int/DataPath_Int.srcs/sources_1/ip/add_32_1/add_32_1.xci}}] -directory {C:/Users/lenovo/Desktop/Computer Organization Lab/Lab4/Lab4_final/IP/DataPath_Int/DataPath_Int.ip_user_files/sim_scripts} -ip_user_files_dir {C:/Users/lenovo/Desktop/Computer Organization Lab/Lab4/Lab4_final/IP/DataPath_Int/DataPath_Int.ip_user_files} -ipstatic_source_dir {C:/Users/lenovo/Desktop/Computer Organization Lab/Lab4/Lab4_final/IP/DataPath_Int/DataPath_Int.ip_user_files/ipstatic} -lib_map_path [list {modelsim=C:/Users/lenovo/Desktop/Computer Organization Lab/Lab4/Lab4_final/IP/DataPath_Int/DataPath_Int.cache/compile_simlib/modelsim} {questa=C:/Users/lenovo/Desktop/Computer Organization Lab/Lab4/Lab4_final/IP/DataPath_Int/DataPath_Int.cache/compile_simlib/questa} {riviera=C:/Users/lenovo/Desktop/Computer Organization Lab/Lab4/Lab4_final/IP/DataPath_Int/DataPath_Int.cache/compile_simlib/riviera} {activehdl=C:/Users/lenovo/Desktop/Computer Organization Lab/Lab4/Lab4_final/IP/DataPath_Int/DataPath_Int.cache/compile_simlib/activehdl}] -use_ip_compiled_libs -force -quiet
create_ip -name ImmGen -vendor xilinx.com -library user -version 1.0 -module_name ImmGen_0 -dir {c:/Users/lenovo/Desktop/Computer Organization Lab/Lab4/Lab4_final/IP/DataPath_Int/DataPath_Int.srcs/sources_1/ip}
generate_target {instantiation_template} [get_files {{c:/Users/lenovo/Desktop/Computer Organization Lab/Lab4/Lab4_final/IP/DataPath_Int/DataPath_Int.srcs/sources_1/ip/ImmGen_0/ImmGen_0.xci}}]
INFO: [IP_Flow 19-1686] Generating 'Instantiation Template' target for IP 'ImmGen_0'...
update_compile_order -fileset sources_1
set_property generate_synth_checkpoint false [get_files  {{c:/Users/lenovo/Desktop/Computer Organization Lab/Lab4/Lab4_final/IP/DataPath_Int/DataPath_Int.srcs/sources_1/ip/ImmGen_0/ImmGen_0.xci}}]
generate_target all [get_files  {{c:/Users/lenovo/Desktop/Computer Organization Lab/Lab4/Lab4_final/IP/DataPath_Int/DataPath_Int.srcs/sources_1/ip/ImmGen_0/ImmGen_0.xci}}]
INFO: [IP_Flow 19-1686] Generating 'Instantiation Template' target for IP 'ImmGen_0'...
INFO: [IP_Flow 19-1686] Generating 'Synthesis' target for IP 'ImmGen_0'...
INFO: [IP_Flow 19-1686] Generating 'Simulation' target for IP 'ImmGen_0'...
export_ip_user_files -of_objects [get_files {{c:/Users/lenovo/Desktop/Computer Organization Lab/Lab4/Lab4_final/IP/DataPath_Int/DataPath_Int.srcs/sources_1/ip/ImmGen_0/ImmGen_0.xci}}] -no_script -sync -force -quiet
export_simulation -of_objects [get_files {{c:/Users/lenovo/Desktop/Computer Organization Lab/Lab4/Lab4_final/IP/DataPath_Int/DataPath_Int.srcs/sources_1/ip/ImmGen_0/ImmGen_0.xci}}] -directory {C:/Users/lenovo/Desktop/Computer Organization Lab/Lab4/Lab4_final/IP/DataPath_Int/DataPath_Int.ip_user_files/sim_scripts} -ip_user_files_dir {C:/Users/lenovo/Desktop/Computer Organization Lab/Lab4/Lab4_final/IP/DataPath_Int/DataPath_Int.ip_user_files} -ipstatic_source_dir {C:/Users/lenovo/Desktop/Computer Organization Lab/Lab4/Lab4_final/IP/DataPath_Int/DataPath_Int.ip_user_files/ipstatic} -lib_map_path [list {modelsim=C:/Users/lenovo/Desktop/Computer Organization Lab/Lab4/Lab4_final/IP/DataPath_Int/DataPath_Int.cache/compile_simlib/modelsim} {questa=C:/Users/lenovo/Desktop/Computer Organization Lab/Lab4/Lab4_final/IP/DataPath_Int/DataPath_Int.cache/compile_simlib/questa} {riviera=C:/Users/lenovo/Desktop/Computer Organization Lab/Lab4/Lab4_final/IP/DataPath_Int/DataPath_Int.cache/compile_simlib/riviera} {activehdl=C:/Users/lenovo/Desktop/Computer Organization Lab/Lab4/Lab4_final/IP/DataPath_Int/DataPath_Int.cache/compile_simlib/activehdl}] -use_ip_compiled_libs -force -quiet
create_ip -name MUX2T1_32 -vendor xilinx.com -library user -version 1.0 -module_name MUX2T1_32_0 -dir {c:/Users/lenovo/Desktop/Computer Organization Lab/Lab4/Lab4_final/IP/DataPath_Int/DataPath_Int.srcs/sources_1/ip}
generate_target {instantiation_template} [get_files {{c:/Users/lenovo/Desktop/Computer Organization Lab/Lab4/Lab4_final/IP/DataPath_Int/DataPath_Int.srcs/sources_1/ip/MUX2T1_32_0/MUX2T1_32_0.xci}}]
INFO: [IP_Flow 19-1686] Generating 'Instantiation Template' target for IP 'MUX2T1_32_0'...
update_compile_order -fileset sources_1
set_property generate_synth_checkpoint false [get_files  {{c:/Users/lenovo/Desktop/Computer Organization Lab/Lab4/Lab4_final/IP/DataPath_Int/DataPath_Int.srcs/sources_1/ip/MUX2T1_32_0/MUX2T1_32_0.xci}}]
generate_target all [get_files  {{c:/Users/lenovo/Desktop/Computer Organization Lab/Lab4/Lab4_final/IP/DataPath_Int/DataPath_Int.srcs/sources_1/ip/MUX2T1_32_0/MUX2T1_32_0.xci}}]
INFO: [IP_Flow 19-1686] Generating 'Instantiation Template' target for IP 'MUX2T1_32_0'...
INFO: [IP_Flow 19-1686] Generating 'Synthesis' target for IP 'MUX2T1_32_0'...
INFO: [IP_Flow 19-1686] Generating 'Simulation' target for IP 'MUX2T1_32_0'...
export_ip_user_files -of_objects [get_files {{c:/Users/lenovo/Desktop/Computer Organization Lab/Lab4/Lab4_final/IP/DataPath_Int/DataPath_Int.srcs/sources_1/ip/MUX2T1_32_0/MUX2T1_32_0.xci}}] -no_script -sync -force -quiet
export_simulation -of_objects [get_files {{c:/Users/lenovo/Desktop/Computer Organization Lab/Lab4/Lab4_final/IP/DataPath_Int/DataPath_Int.srcs/sources_1/ip/MUX2T1_32_0/MUX2T1_32_0.xci}}] -directory {C:/Users/lenovo/Desktop/Computer Organization Lab/Lab4/Lab4_final/IP/DataPath_Int/DataPath_Int.ip_user_files/sim_scripts} -ip_user_files_dir {C:/Users/lenovo/Desktop/Computer Organization Lab/Lab4/Lab4_final/IP/DataPath_Int/DataPath_Int.ip_user_files} -ipstatic_source_dir {C:/Users/lenovo/Desktop/Computer Organization Lab/Lab4/Lab4_final/IP/DataPath_Int/DataPath_Int.ip_user_files/ipstatic} -lib_map_path [list {modelsim=C:/Users/lenovo/Desktop/Computer Organization Lab/Lab4/Lab4_final/IP/DataPath_Int/DataPath_Int.cache/compile_simlib/modelsim} {questa=C:/Users/lenovo/Desktop/Computer Organization Lab/Lab4/Lab4_final/IP/DataPath_Int/DataPath_Int.cache/compile_simlib/questa} {riviera=C:/Users/lenovo/Desktop/Computer Organization Lab/Lab4/Lab4_final/IP/DataPath_Int/DataPath_Int.cache/compile_simlib/riviera} {activehdl=C:/Users/lenovo/Desktop/Computer Organization Lab/Lab4/Lab4_final/IP/DataPath_Int/DataPath_Int.cache/compile_simlib/activehdl}] -use_ip_compiled_libs -force -quiet
create_ip -name MUX2T1_32 -vendor xilinx.com -library user -version 1.0 -module_name MUX2T1_32_1 -dir {c:/Users/lenovo/Desktop/Computer Organization Lab/Lab4/Lab4_final/IP/DataPath_Int/DataPath_Int.srcs/sources_1/ip}
generate_target {instantiation_template} [get_files {{c:/Users/lenovo/Desktop/Computer Organization Lab/Lab4/Lab4_final/IP/DataPath_Int/DataPath_Int.srcs/sources_1/ip/MUX2T1_32_1/MUX2T1_32_1.xci}}]
INFO: [IP_Flow 19-1686] Generating 'Instantiation Template' target for IP 'MUX2T1_32_1'...
update_compile_order -fileset sources_1
set_property generate_synth_checkpoint false [get_files  {{c:/Users/lenovo/Desktop/Computer Organization Lab/Lab4/Lab4_final/IP/DataPath_Int/DataPath_Int.srcs/sources_1/ip/MUX2T1_32_1/MUX2T1_32_1.xci}}]
generate_target all [get_files  {{c:/Users/lenovo/Desktop/Computer Organization Lab/Lab4/Lab4_final/IP/DataPath_Int/DataPath_Int.srcs/sources_1/ip/MUX2T1_32_1/MUX2T1_32_1.xci}}]
INFO: [IP_Flow 19-1686] Generating 'Instantiation Template' target for IP 'MUX2T1_32_1'...
INFO: [IP_Flow 19-1686] Generating 'Synthesis' target for IP 'MUX2T1_32_1'...
INFO: [IP_Flow 19-1686] Generating 'Simulation' target for IP 'MUX2T1_32_1'...
export_ip_user_files -of_objects [get_files {{c:/Users/lenovo/Desktop/Computer Organization Lab/Lab4/Lab4_final/IP/DataPath_Int/DataPath_Int.srcs/sources_1/ip/MUX2T1_32_1/MUX2T1_32_1.xci}}] -no_script -sync -force -quiet
export_simulation -of_objects [get_files {{c:/Users/lenovo/Desktop/Computer Organization Lab/Lab4/Lab4_final/IP/DataPath_Int/DataPath_Int.srcs/sources_1/ip/MUX2T1_32_1/MUX2T1_32_1.xci}}] -directory {C:/Users/lenovo/Desktop/Computer Organization Lab/Lab4/Lab4_final/IP/DataPath_Int/DataPath_Int.ip_user_files/sim_scripts} -ip_user_files_dir {C:/Users/lenovo/Desktop/Computer Organization Lab/Lab4/Lab4_final/IP/DataPath_Int/DataPath_Int.ip_user_files} -ipstatic_source_dir {C:/Users/lenovo/Desktop/Computer Organization Lab/Lab4/Lab4_final/IP/DataPath_Int/DataPath_Int.ip_user_files/ipstatic} -lib_map_path [list {modelsim=C:/Users/lenovo/Desktop/Computer Organization Lab/Lab4/Lab4_final/IP/DataPath_Int/DataPath_Int.cache/compile_simlib/modelsim} {questa=C:/Users/lenovo/Desktop/Computer Organization Lab/Lab4/Lab4_final/IP/DataPath_Int/DataPath_Int.cache/compile_simlib/questa} {riviera=C:/Users/lenovo/Desktop/Computer Organization Lab/Lab4/Lab4_final/IP/DataPath_Int/DataPath_Int.cache/compile_simlib/riviera} {activehdl=C:/Users/lenovo/Desktop/Computer Organization Lab/Lab4/Lab4_final/IP/DataPath_Int/DataPath_Int.cache/compile_simlib/activehdl}] -use_ip_compiled_libs -force -quiet
create_ip -name MUX4T1_32 -vendor xilinx.com -library user -version 1.0 -module_name MUX4T1_32_0 -dir {c:/Users/lenovo/Desktop/Computer Organization Lab/Lab4/Lab4_final/IP/DataPath_Int/DataPath_Int.srcs/sources_1/ip}
generate_target {instantiation_template} [get_files {{c:/Users/lenovo/Desktop/Computer Organization Lab/Lab4/Lab4_final/IP/DataPath_Int/DataPath_Int.srcs/sources_1/ip/MUX4T1_32_0/MUX4T1_32_0.xci}}]
INFO: [IP_Flow 19-1686] Generating 'Instantiation Template' target for IP 'MUX4T1_32_0'...
set_property generate_synth_checkpoint false [get_files  {{c:/Users/lenovo/Desktop/Computer Organization Lab/Lab4/Lab4_final/IP/DataPath_Int/DataPath_Int.srcs/sources_1/ip/MUX4T1_32_0/MUX4T1_32_0.xci}}]
generate_target all [get_files  {{c:/Users/lenovo/Desktop/Computer Organization Lab/Lab4/Lab4_final/IP/DataPath_Int/DataPath_Int.srcs/sources_1/ip/MUX4T1_32_0/MUX4T1_32_0.xci}}]
INFO: [IP_Flow 19-1686] Generating 'Instantiation Template' target for IP 'MUX4T1_32_0'...
INFO: [IP_Flow 19-1686] Generating 'Synthesis' target for IP 'MUX4T1_32_0'...
INFO: [IP_Flow 19-1686] Generating 'Simulation' target for IP 'MUX4T1_32_0'...
export_ip_user_files -of_objects [get_files {{c:/Users/lenovo/Desktop/Computer Organization Lab/Lab4/Lab4_final/IP/DataPath_Int/DataPath_Int.srcs/sources_1/ip/MUX4T1_32_0/MUX4T1_32_0.xci}}] -no_script -sync -force -quiet
export_simulation -of_objects [get_files {{c:/Users/lenovo/Desktop/Computer Organization Lab/Lab4/Lab4_final/IP/DataPath_Int/DataPath_Int.srcs/sources_1/ip/MUX4T1_32_0/MUX4T1_32_0.xci}}] -directory {C:/Users/lenovo/Desktop/Computer Organization Lab/Lab4/Lab4_final/IP/DataPath_Int/DataPath_Int.ip_user_files/sim_scripts} -ip_user_files_dir {C:/Users/lenovo/Desktop/Computer Organization Lab/Lab4/Lab4_final/IP/DataPath_Int/DataPath_Int.ip_user_files} -ipstatic_source_dir {C:/Users/lenovo/Desktop/Computer Organization Lab/Lab4/Lab4_final/IP/DataPath_Int/DataPath_Int.ip_user_files/ipstatic} -lib_map_path [list {modelsim=C:/Users/lenovo/Desktop/Computer Organization Lab/Lab4/Lab4_final/IP/DataPath_Int/DataPath_Int.cache/compile_simlib/modelsim} {questa=C:/Users/lenovo/Desktop/Computer Organization Lab/Lab4/Lab4_final/IP/DataPath_Int/DataPath_Int.cache/compile_simlib/questa} {riviera=C:/Users/lenovo/Desktop/Computer Organization Lab/Lab4/Lab4_final/IP/DataPath_Int/DataPath_Int.cache/compile_simlib/riviera} {activehdl=C:/Users/lenovo/Desktop/Computer Organization Lab/Lab4/Lab4_final/IP/DataPath_Int/DataPath_Int.cache/compile_simlib/activehdl}] -use_ip_compiled_libs -force -quiet
update_compile_order -fileset sources_1
create_ip -name MUX4T1_32 -vendor xilinx.com -library user -version 1.0 -module_name MUX4T1_32_1 -dir {c:/Users/lenovo/Desktop/Computer Organization Lab/Lab4/Lab4_final/IP/DataPath_Int/DataPath_Int.srcs/sources_1/ip}
generate_target {instantiation_template} [get_files {{c:/Users/lenovo/Desktop/Computer Organization Lab/Lab4/Lab4_final/IP/DataPath_Int/DataPath_Int.srcs/sources_1/ip/MUX4T1_32_1/MUX4T1_32_1.xci}}]
INFO: [IP_Flow 19-1686] Generating 'Instantiation Template' target for IP 'MUX4T1_32_1'...
update_compile_order -fileset sources_1
set_property generate_synth_checkpoint false [get_files  {{c:/Users/lenovo/Desktop/Computer Organization Lab/Lab4/Lab4_final/IP/DataPath_Int/DataPath_Int.srcs/sources_1/ip/MUX4T1_32_1/MUX4T1_32_1.xci}}]
generate_target all [get_files  {{c:/Users/lenovo/Desktop/Computer Organization Lab/Lab4/Lab4_final/IP/DataPath_Int/DataPath_Int.srcs/sources_1/ip/MUX4T1_32_1/MUX4T1_32_1.xci}}]
INFO: [IP_Flow 19-1686] Generating 'Instantiation Template' target for IP 'MUX4T1_32_1'...
INFO: [IP_Flow 19-1686] Generating 'Synthesis' target for IP 'MUX4T1_32_1'...
INFO: [IP_Flow 19-1686] Generating 'Simulation' target for IP 'MUX4T1_32_1'...
export_ip_user_files -of_objects [get_files {{c:/Users/lenovo/Desktop/Computer Organization Lab/Lab4/Lab4_final/IP/DataPath_Int/DataPath_Int.srcs/sources_1/ip/MUX4T1_32_1/MUX4T1_32_1.xci}}] -no_script -sync -force -quiet
export_simulation -of_objects [get_files {{c:/Users/lenovo/Desktop/Computer Organization Lab/Lab4/Lab4_final/IP/DataPath_Int/DataPath_Int.srcs/sources_1/ip/MUX4T1_32_1/MUX4T1_32_1.xci}}] -directory {C:/Users/lenovo/Desktop/Computer Organization Lab/Lab4/Lab4_final/IP/DataPath_Int/DataPath_Int.ip_user_files/sim_scripts} -ip_user_files_dir {C:/Users/lenovo/Desktop/Computer Organization Lab/Lab4/Lab4_final/IP/DataPath_Int/DataPath_Int.ip_user_files} -ipstatic_source_dir {C:/Users/lenovo/Desktop/Computer Organization Lab/Lab4/Lab4_final/IP/DataPath_Int/DataPath_Int.ip_user_files/ipstatic} -lib_map_path [list {modelsim=C:/Users/lenovo/Desktop/Computer Organization Lab/Lab4/Lab4_final/IP/DataPath_Int/DataPath_Int.cache/compile_simlib/modelsim} {questa=C:/Users/lenovo/Desktop/Computer Organization Lab/Lab4/Lab4_final/IP/DataPath_Int/DataPath_Int.cache/compile_simlib/questa} {riviera=C:/Users/lenovo/Desktop/Computer Organization Lab/Lab4/Lab4_final/IP/DataPath_Int/DataPath_Int.cache/compile_simlib/riviera} {activehdl=C:/Users/lenovo/Desktop/Computer Organization Lab/Lab4/Lab4_final/IP/DataPath_Int/DataPath_Int.cache/compile_simlib/activehdl}] -use_ip_compiled_libs -force -quiet
create_ip -name Regs -vendor xilinx.com -library user -version 1.0 -module_name Regs_0 -dir {c:/Users/lenovo/Desktop/Computer Organization Lab/Lab4/Lab4_final/IP/DataPath_Int/DataPath_Int.srcs/sources_1/ip}
generate_target {instantiation_template} [get_files {{c:/Users/lenovo/Desktop/Computer Organization Lab/Lab4/Lab4_final/IP/DataPath_Int/DataPath_Int.srcs/sources_1/ip/Regs_0/Regs_0.xci}}]
INFO: [IP_Flow 19-1686] Generating 'Instantiation Template' target for IP 'Regs_0'...
update_compile_order -fileset sources_1
set_property generate_synth_checkpoint false [get_files  {{c:/Users/lenovo/Desktop/Computer Organization Lab/Lab4/Lab4_final/IP/DataPath_Int/DataPath_Int.srcs/sources_1/ip/Regs_0/Regs_0.xci}}]
generate_target all [get_files  {{c:/Users/lenovo/Desktop/Computer Organization Lab/Lab4/Lab4_final/IP/DataPath_Int/DataPath_Int.srcs/sources_1/ip/Regs_0/Regs_0.xci}}]
INFO: [IP_Flow 19-1686] Generating 'Instantiation Template' target for IP 'Regs_0'...
INFO: [IP_Flow 19-1686] Generating 'Synthesis' target for IP 'Regs_0'...
INFO: [IP_Flow 19-1686] Generating 'Simulation' target for IP 'Regs_0'...
INFO: [IP_Flow 19-1686] Generating 'Test Bench' target for IP 'Regs_0'...
export_ip_user_files -of_objects [get_files {{c:/Users/lenovo/Desktop/Computer Organization Lab/Lab4/Lab4_final/IP/DataPath_Int/DataPath_Int.srcs/sources_1/ip/Regs_0/Regs_0.xci}}] -no_script -sync -force -quiet
export_simulation -of_objects [get_files {{c:/Users/lenovo/Desktop/Computer Organization Lab/Lab4/Lab4_final/IP/DataPath_Int/DataPath_Int.srcs/sources_1/ip/Regs_0/Regs_0.xci}}] -directory {C:/Users/lenovo/Desktop/Computer Organization Lab/Lab4/Lab4_final/IP/DataPath_Int/DataPath_Int.ip_user_files/sim_scripts} -ip_user_files_dir {C:/Users/lenovo/Desktop/Computer Organization Lab/Lab4/Lab4_final/IP/DataPath_Int/DataPath_Int.ip_user_files} -ipstatic_source_dir {C:/Users/lenovo/Desktop/Computer Organization Lab/Lab4/Lab4_final/IP/DataPath_Int/DataPath_Int.ip_user_files/ipstatic} -lib_map_path [list {modelsim=C:/Users/lenovo/Desktop/Computer Organization Lab/Lab4/Lab4_final/IP/DataPath_Int/DataPath_Int.cache/compile_simlib/modelsim} {questa=C:/Users/lenovo/Desktop/Computer Organization Lab/Lab4/Lab4_final/IP/DataPath_Int/DataPath_Int.cache/compile_simlib/questa} {riviera=C:/Users/lenovo/Desktop/Computer Organization Lab/Lab4/Lab4_final/IP/DataPath_Int/DataPath_Int.cache/compile_simlib/riviera} {activehdl=C:/Users/lenovo/Desktop/Computer Organization Lab/Lab4/Lab4_final/IP/DataPath_Int/DataPath_Int.cache/compile_simlib/activehdl}] -use_ip_compiled_libs -force -quiet
create_ip -name ALU -vendor xilinx.com -library user -version 1.0 -module_name ALU_0 -dir {c:/Users/lenovo/Desktop/Computer Organization Lab/Lab4/Lab4_final/IP/DataPath_Int/DataPath_Int.srcs/sources_1/ip}
generate_target {instantiation_template} [get_files {{c:/Users/lenovo/Desktop/Computer Organization Lab/Lab4/Lab4_final/IP/DataPath_Int/DataPath_Int.srcs/sources_1/ip/ALU_0/ALU_0.xci}}]
INFO: [IP_Flow 19-1686] Generating 'Instantiation Template' target for IP 'ALU_0'...
update_compile_order -fileset sources_1
set_property generate_synth_checkpoint false [get_files  {{c:/Users/lenovo/Desktop/Computer Organization Lab/Lab4/Lab4_final/IP/DataPath_Int/DataPath_Int.srcs/sources_1/ip/ALU_0/ALU_0.xci}}]
generate_target all [get_files  {{c:/Users/lenovo/Desktop/Computer Organization Lab/Lab4/Lab4_final/IP/DataPath_Int/DataPath_Int.srcs/sources_1/ip/ALU_0/ALU_0.xci}}]
INFO: [IP_Flow 19-1686] Generating 'Instantiation Template' target for IP 'ALU_0'...
INFO: [IP_Flow 19-1686] Generating 'Synthesis' target for IP 'ALU_0'...
INFO: [IP_Flow 19-1686] Generating 'Simulation' target for IP 'ALU_0'...
INFO: [IP_Flow 19-1686] Generating 'Test Bench' target for IP 'ALU_0'...
export_ip_user_files -of_objects [get_files {{c:/Users/lenovo/Desktop/Computer Organization Lab/Lab4/Lab4_final/IP/DataPath_Int/DataPath_Int.srcs/sources_1/ip/ALU_0/ALU_0.xci}}] -no_script -sync -force -quiet
export_simulation -of_objects [get_files {{c:/Users/lenovo/Desktop/Computer Organization Lab/Lab4/Lab4_final/IP/DataPath_Int/DataPath_Int.srcs/sources_1/ip/ALU_0/ALU_0.xci}}] -directory {C:/Users/lenovo/Desktop/Computer Organization Lab/Lab4/Lab4_final/IP/DataPath_Int/DataPath_Int.ip_user_files/sim_scripts} -ip_user_files_dir {C:/Users/lenovo/Desktop/Computer Organization Lab/Lab4/Lab4_final/IP/DataPath_Int/DataPath_Int.ip_user_files} -ipstatic_source_dir {C:/Users/lenovo/Desktop/Computer Organization Lab/Lab4/Lab4_final/IP/DataPath_Int/DataPath_Int.ip_user_files/ipstatic} -lib_map_path [list {modelsim=C:/Users/lenovo/Desktop/Computer Organization Lab/Lab4/Lab4_final/IP/DataPath_Int/DataPath_Int.cache/compile_simlib/modelsim} {questa=C:/Users/lenovo/Desktop/Computer Organization Lab/Lab4/Lab4_final/IP/DataPath_Int/DataPath_Int.cache/compile_simlib/questa} {riviera=C:/Users/lenovo/Desktop/Computer Organization Lab/Lab4/Lab4_final/IP/DataPath_Int/DataPath_Int.cache/compile_simlib/riviera} {activehdl=C:/Users/lenovo/Desktop/Computer Organization Lab/Lab4/Lab4_final/IP/DataPath_Int/DataPath_Int.cache/compile_simlib/activehdl}] -use_ip_compiled_libs -force -quiet
export_ip_user_files -of_objects  [get_files {{c:/Users/lenovo/Desktop/Computer Organization Lab/Lab4/Lab4_final/IP/DataPath_Int/DataPath_Int.srcs/sources_1/ip/ALU_0/ALU_0.xci}}] -no_script -reset -force -quiet
remove_files  {{c:/Users/lenovo/Desktop/Computer Organization Lab/Lab4/Lab4_final/IP/DataPath_Int/DataPath_Int.srcs/sources_1/ip/ALU_0/ALU_0.xci}}
close_project
open_project {C:/Users/lenovo/Desktop/Computer Organization Lab/Lab4/Lab4_final/IP/OExp_newALU/OExp_newALU.xpr}
INFO: [Project 1-313] Project file moved from 'C:/Users/lenovo/Desktop/Computer Organization Lab/Lab4/Lab4_1/IP/OExp_newALU' since last save.
Scanning sources...
Finished scanning sources
INFO: [IP_Flow 19-234] Refreshing IP repositories
INFO: [IP_Flow 19-1700] Loaded user IP repository 'c:/Users/lenovo/Desktop/Computer Organization Lab/Lab4/Lab4_final/IP/OExp_newALU/OExp_newALU.srcs'.
INFO: [IP_Flow 19-1700] Loaded user IP repository 'c:/Users/lenovo/Desktop/Computer Organization Lab/Lab0/tools'.
INFO: [IP_Flow 19-2313] Loaded Vivado IP repository 'D:/vivado2017/Vivado/2017.4/data/ip'.
update_compile_order -fileset sources_1
ipx::package_project -root_dir {c:/users/lenovo/desktop/computer organization lab/lab4/lab4_final/ip/oexp_newalu/oexp_newalu.srcs} -vendor xilinx.com -library user -taxonomy /UserIP -force
set_property core_revision 2 [ipx::current_core]
ipx::create_xgui_files [ipx::current_core]
ipx::update_checksums [ipx::current_core]
ipx::save_core [ipx::current_core]
update_ip_catalog -rebuild -repo_path {c:/Users/lenovo/Desktop/Computer Organization Lab/Lab4/Lab4_final/IP/OExp_newALU/OExp_newALU.srcs}
INFO: [IP_Flow 19-725] Reloaded user IP repository 'c:/Users/lenovo/Desktop/Computer Organization Lab/Lab4/Lab4_final/IP/OExp_newALU/OExp_newALU.srcs'
close_project
open_project {C:/Users/lenovo/Desktop/Computer Organization Lab/Lab4/Lab4_final/IP/DataPath_Int/DataPath_Int.xpr}
INFO: [ProjectBase 1-489] The host OS only allows 260 characters in a normal path. The project is stored in a path with more than 80 characters. If you experience issues with IP, Block Designs, or files not being found, please consider moving the project to a location with a shorter path. Alternately consider using the OS subst command to map part of the path to a drive letter.
Current project path is 'C:/Users/lenovo/Desktop/Computer Organization Lab/Lab4/Lab4_final/IP/DataPath_Int'
Scanning sources...
Finished scanning sources
INFO: [IP_Flow 19-234] Refreshing IP repositories
INFO: [IP_Flow 19-1700] Loaded user IP repository 'c:/Users/lenovo/Desktop/Computer Organization Lab/Lab4/Lab4_final/IP'.
WARNING: [IP_Flow 19-3656] If you move the project, the path for repository 'c:/Users/lenovo/Desktop/Computer Organization Lab/Lab4/Lab4_final/IP' may become invalid. A better location for the repository would be in a path adjacent to the project. (Current project location is 'c:/Users/lenovo/Desktop/Computer Organization Lab/Lab4/Lab4_final/IP/DataPath_Int'.)
INFO: [IP_Flow 19-2313] Loaded Vivado IP repository 'D:/vivado2017/Vivado/2017.4/data/ip'.
update_compile_order -fileset sources_1
update_ip_catalog -rebuild
INFO: [IP_Flow 19-234] Refreshing IP repositories
INFO: [IP_Flow 19-1700] Loaded user IP repository 'c:/Users/lenovo/Desktop/Computer Organization Lab/Lab4/Lab4_final/IP'.
WARNING: [IP_Flow 19-3656] If you move the project, the path for repository 'c:/Users/lenovo/Desktop/Computer Organization Lab/Lab4/Lab4_final/IP' may become invalid. A better location for the repository would be in a path adjacent to the project. (Current project location is 'c:/Users/lenovo/Desktop/Computer Organization Lab/Lab4/Lab4_final/IP/DataPath_Int'.)
create_ip -name ALU -vendor xilinx.com -library user -version 1.0 -module_name ALU_0 -dir {c:/Users/lenovo/Desktop/Computer Organization Lab/Lab4/Lab4_final/IP/DataPath_Int/DataPath_Int.srcs/sources_1/ip}
generate_target {instantiation_template} [get_files {{c:/Users/lenovo/Desktop/Computer Organization Lab/Lab4/Lab4_final/IP/DataPath_Int/DataPath_Int.srcs/sources_1/ip/ALU_0_1/ALU_0.xci}}]
INFO: [IP_Flow 19-1686] Generating 'Instantiation Template' target for IP 'ALU_0'...
update_compile_order -fileset sources_1
set_property generate_synth_checkpoint false [get_files  {{c:/Users/lenovo/Desktop/Computer Organization Lab/Lab4/Lab4_final/IP/DataPath_Int/DataPath_Int.srcs/sources_1/ip/ALU_0_1/ALU_0.xci}}]
generate_target all [get_files  {{c:/Users/lenovo/Desktop/Computer Organization Lab/Lab4/Lab4_final/IP/DataPath_Int/DataPath_Int.srcs/sources_1/ip/ALU_0_1/ALU_0.xci}}]
INFO: [IP_Flow 19-1686] Generating 'Instantiation Template' target for IP 'ALU_0'...
INFO: [IP_Flow 19-1686] Generating 'Synthesis' target for IP 'ALU_0'...
INFO: [IP_Flow 19-1686] Generating 'Simulation' target for IP 'ALU_0'...
INFO: [IP_Flow 19-1686] Generating 'Test Bench' target for IP 'ALU_0'...
export_ip_user_files -of_objects [get_files {{c:/Users/lenovo/Desktop/Computer Organization Lab/Lab4/Lab4_final/IP/DataPath_Int/DataPath_Int.srcs/sources_1/ip/ALU_0_1/ALU_0.xci}}] -no_script -sync -force -quiet
export_simulation -of_objects [get_files {{c:/Users/lenovo/Desktop/Computer Organization Lab/Lab4/Lab4_final/IP/DataPath_Int/DataPath_Int.srcs/sources_1/ip/ALU_0_1/ALU_0.xci}}] -directory {C:/Users/lenovo/Desktop/Computer Organization Lab/Lab4/Lab4_final/IP/DataPath_Int/DataPath_Int.ip_user_files/sim_scripts} -ip_user_files_dir {C:/Users/lenovo/Desktop/Computer Organization Lab/Lab4/Lab4_final/IP/DataPath_Int/DataPath_Int.ip_user_files} -ipstatic_source_dir {C:/Users/lenovo/Desktop/Computer Organization Lab/Lab4/Lab4_final/IP/DataPath_Int/DataPath_Int.ip_user_files/ipstatic} -lib_map_path [list {modelsim=C:/Users/lenovo/Desktop/Computer Organization Lab/Lab4/Lab4_final/IP/DataPath_Int/DataPath_Int.cache/compile_simlib/modelsim} {questa=C:/Users/lenovo/Desktop/Computer Organization Lab/Lab4/Lab4_final/IP/DataPath_Int/DataPath_Int.cache/compile_simlib/questa} {riviera=C:/Users/lenovo/Desktop/Computer Organization Lab/Lab4/Lab4_final/IP/DataPath_Int/DataPath_Int.cache/compile_simlib/riviera} {activehdl=C:/Users/lenovo/Desktop/Computer Organization Lab/Lab4/Lab4_final/IP/DataPath_Int/DataPath_Int.cache/compile_simlib/activehdl}] -use_ip_compiled_libs -force -quiet
create_ip -name REG32 -vendor xilinx.com -library user -version 1.0 -module_name REG32_0 -dir {c:/Users/lenovo/Desktop/Computer Organization Lab/Lab4/Lab4_final/IP/DataPath_Int/DataPath_Int.srcs/sources_1/ip}
generate_target {instantiation_template} [get_files {{c:/Users/lenovo/Desktop/Computer Organization Lab/Lab4/Lab4_final/IP/DataPath_Int/DataPath_Int.srcs/sources_1/ip/REG32_0/REG32_0.xci}}]
INFO: [IP_Flow 19-1686] Generating 'Instantiation Template' target for IP 'REG32_0'...
set_property generate_synth_checkpoint false [get_files  {{c:/Users/lenovo/Desktop/Computer Organization Lab/Lab4/Lab4_final/IP/DataPath_Int/DataPath_Int.srcs/sources_1/ip/REG32_0/REG32_0.xci}}]
generate_target all [get_files  {{c:/Users/lenovo/Desktop/Computer Organization Lab/Lab4/Lab4_final/IP/DataPath_Int/DataPath_Int.srcs/sources_1/ip/REG32_0/REG32_0.xci}}]
INFO: [IP_Flow 19-1686] Generating 'Instantiation Template' target for IP 'REG32_0'...
INFO: [IP_Flow 19-1686] Generating 'Synthesis' target for IP 'REG32_0'...
INFO: [IP_Flow 19-1686] Generating 'Simulation' target for IP 'REG32_0'...
export_ip_user_files -of_objects [get_files {{c:/Users/lenovo/Desktop/Computer Organization Lab/Lab4/Lab4_final/IP/DataPath_Int/DataPath_Int.srcs/sources_1/ip/REG32_0/REG32_0.xci}}] -no_script -sync -force -quiet
export_simulation -of_objects [get_files {{c:/Users/lenovo/Desktop/Computer Organization Lab/Lab4/Lab4_final/IP/DataPath_Int/DataPath_Int.srcs/sources_1/ip/REG32_0/REG32_0.xci}}] -directory {C:/Users/lenovo/Desktop/Computer Organization Lab/Lab4/Lab4_final/IP/DataPath_Int/DataPath_Int.ip_user_files/sim_scripts} -ip_user_files_dir {C:/Users/lenovo/Desktop/Computer Organization Lab/Lab4/Lab4_final/IP/DataPath_Int/DataPath_Int.ip_user_files} -ipstatic_source_dir {C:/Users/lenovo/Desktop/Computer Organization Lab/Lab4/Lab4_final/IP/DataPath_Int/DataPath_Int.ip_user_files/ipstatic} -lib_map_path [list {modelsim=C:/Users/lenovo/Desktop/Computer Organization Lab/Lab4/Lab4_final/IP/DataPath_Int/DataPath_Int.cache/compile_simlib/modelsim} {questa=C:/Users/lenovo/Desktop/Computer Organization Lab/Lab4/Lab4_final/IP/DataPath_Int/DataPath_Int.cache/compile_simlib/questa} {riviera=C:/Users/lenovo/Desktop/Computer Organization Lab/Lab4/Lab4_final/IP/DataPath_Int/DataPath_Int.cache/compile_simlib/riviera} {activehdl=C:/Users/lenovo/Desktop/Computer Organization Lab/Lab4/Lab4_final/IP/DataPath_Int/DataPath_Int.cache/compile_simlib/activehdl}] -use_ip_compiled_libs -force -quiet
update_compile_order -fileset sources_1
create_ip -name RV_Int -vendor xilinx.com -library user -version 1.0 -module_name RV_Int_0 -dir {c:/Users/lenovo/Desktop/Computer Organization Lab/Lab4/Lab4_final/IP/DataPath_Int/DataPath_Int.srcs/sources_1/ip}
generate_target {instantiation_template} [get_files {{c:/Users/lenovo/Desktop/Computer Organization Lab/Lab4/Lab4_final/IP/DataPath_Int/DataPath_Int.srcs/sources_1/ip/RV_Int_0/RV_Int_0.xci}}]
INFO: [IP_Flow 19-1686] Generating 'Instantiation Template' target for IP 'RV_Int_0'...
update_compile_order -fileset sources_1
set_property generate_synth_checkpoint false [get_files  {{c:/Users/lenovo/Desktop/Computer Organization Lab/Lab4/Lab4_final/IP/DataPath_Int/DataPath_Int.srcs/sources_1/ip/RV_Int_0/RV_Int_0.xci}}]
generate_target all [get_files  {{c:/Users/lenovo/Desktop/Computer Organization Lab/Lab4/Lab4_final/IP/DataPath_Int/DataPath_Int.srcs/sources_1/ip/RV_Int_0/RV_Int_0.xci}}]
INFO: [IP_Flow 19-1686] Generating 'Instantiation Template' target for IP 'RV_Int_0'...
INFO: [IP_Flow 19-1686] Generating 'Synthesis' target for IP 'RV_Int_0'...
INFO: [IP_Flow 19-1686] Generating 'Simulation' target for IP 'RV_Int_0'...
export_ip_user_files -of_objects [get_files {{c:/Users/lenovo/Desktop/Computer Organization Lab/Lab4/Lab4_final/IP/DataPath_Int/DataPath_Int.srcs/sources_1/ip/RV_Int_0/RV_Int_0.xci}}] -no_script -sync -force -quiet
export_simulation -of_objects [get_files {{c:/Users/lenovo/Desktop/Computer Organization Lab/Lab4/Lab4_final/IP/DataPath_Int/DataPath_Int.srcs/sources_1/ip/RV_Int_0/RV_Int_0.xci}}] -directory {C:/Users/lenovo/Desktop/Computer Organization Lab/Lab4/Lab4_final/IP/DataPath_Int/DataPath_Int.ip_user_files/sim_scripts} -ip_user_files_dir {C:/Users/lenovo/Desktop/Computer Organization Lab/Lab4/Lab4_final/IP/DataPath_Int/DataPath_Int.ip_user_files} -ipstatic_source_dir {C:/Users/lenovo/Desktop/Computer Organization Lab/Lab4/Lab4_final/IP/DataPath_Int/DataPath_Int.ip_user_files/ipstatic} -lib_map_path [list {modelsim=C:/Users/lenovo/Desktop/Computer Organization Lab/Lab4/Lab4_final/IP/DataPath_Int/DataPath_Int.cache/compile_simlib/modelsim} {questa=C:/Users/lenovo/Desktop/Computer Organization Lab/Lab4/Lab4_final/IP/DataPath_Int/DataPath_Int.cache/compile_simlib/questa} {riviera=C:/Users/lenovo/Desktop/Computer Organization Lab/Lab4/Lab4_final/IP/DataPath_Int/DataPath_Int.cache/compile_simlib/riviera} {activehdl=C:/Users/lenovo/Desktop/Computer Organization Lab/Lab4/Lab4_final/IP/DataPath_Int/DataPath_Int.cache/compile_simlib/activehdl}] -use_ip_compiled_libs -force -quiet
update_compile_order -fileset sources_1
ipx::package_project -root_dir {c:/users/lenovo/desktop/computer organization lab/lab4/lab4_final/ip/datapath_int/datapath_int.srcs/sources_1} -vendor xilinx.com -library user -taxonomy /UserIP
INFO: [IP_Flow 19-4753] Inferred signal 'reset' from port 'rst' as interface 'rst'.
INFO: [IP_Flow 19-4753] Inferred signal 'clock' from port 'clk' as interface 'clk'.
INFO: [IP_Flow 19-4728] Bus Interface 'clk': Added interface parameter 'ASSOCIATED_RESET' with value 'rst'.
ipx::add_bus_parameter POLARITY [ipx::get_bus_interfaces rst -of_objects [ipx::current_core]]
set_property value ACTIVE_HIGH [ipx::get_bus_parameters POLARITY -of_objects [ipx::get_bus_interfaces rst -of_objects [ipx::current_core]]]
ipx::add_bus_parameter ASSOCIATED_BUSIF [ipx::get_bus_interfaces clk -of_objects [ipx::current_core]]
set_property value clk [ipx::get_bus_parameters ASSOCIATED_BUSIF -of_objects [ipx::get_bus_interfaces clk -of_objects [ipx::current_core]]]
set_property core_revision 2 [ipx::current_core]
ipx::create_xgui_files [ipx::current_core]
ipx::update_checksums [ipx::current_core]
ipx::save_core [ipx::current_core]
update_ip_catalog -rebuild -repo_path {c:/Users/lenovo/Desktop/Computer Organization Lab/Lab4/Lab4_final/IP}
INFO: [IP_Flow 19-725] Reloaded user IP repository 'c:/Users/lenovo/Desktop/Computer Organization Lab/Lab4/Lab4_final/IP'
close_project
create_project SCPU {C:/Users/lenovo/Desktop/Computer Organization Lab/Lab4/Lab4_final/SCPU} -part xc7k160tffg676-2L
INFO: [IP_Flow 19-234] Refreshing IP repositories
INFO: [IP_Flow 19-1704] No user IP repositories specified
INFO: [IP_Flow 19-2313] Loaded Vivado IP repository 'D:/vivado2017/Vivado/2017.4/data/ip'.
file mkdir C:/Users/lenovo/Desktop/Computer Organization Lab/Lab4/Lab4_final/SCPU/SCPU.srcs/sources_1/new
file mkdir C:/Users/lenovo/Desktop/Computer Organization Lab/Lab4/Lab4_final/SCPU/SCPU.srcs/sources_1/new
file mkdir C:/Users/lenovo/Desktop/Computer Organization Lab/Lab4/Lab4_final/SCPU/SCPU.srcs/sources_1/new
file mkdir {C:/Users/lenovo/Desktop/Computer Organization Lab/Lab4/Lab4_final/SCPU/SCPU.srcs/sources_1/new}
close [ open {C:/Users/lenovo/Desktop/Computer Organization Lab/Lab4/Lab4_final/SCPU/SCPU.srcs/sources_1/new/SCPU.v} w ]
add_files {{C:/Users/lenovo/Desktop/Computer Organization Lab/Lab4/Lab4_final/SCPU/SCPU.srcs/sources_1/new/SCPU.v}}
update_compile_order -fileset sources_1
set_property  ip_repo_paths  {{C:/Users/lenovo/Desktop/Computer Organization Lab/Lab4/Lab4_final/IP}} [current_project]
update_ip_catalog
INFO: [IP_Flow 19-234] Refreshing IP repositories
INFO: [IP_Flow 19-1700] Loaded user IP repository 'c:/Users/lenovo/Desktop/Computer Organization Lab/Lab4/Lab4_final/IP'.
