#-----------------------------------------------------------
# Vivado v2017.4 (64-bit)
# SW Build 2086221 on Fri Dec 15 20:55:39 MST 2017
# IP Build 2085800 on Fri Dec 15 22:25:07 MST 2017
# Start of session at: Mon Mar 28 20:19:47 2022
# Process ID: 25064
# Current directory: C:/Users/lenovo/Desktop/Computer Organization Lab/Lab4/Lab4_1/IP/MUX2T1_32
# Command line: vivado.exe -gui_launcher_event rodinguilauncherevent7788 C:\Users\lenovo\Desktop\Computer Organization Lab\Lab4\Lab4_1\IP\MUX2T1_32\MUX2T1_32.xpr
# Log file: C:/Users/lenovo/Desktop/Computer Organization Lab/Lab4/Lab4_1/IP/MUX2T1_32/vivado.log
# Journal file: C:/Users/lenovo/Desktop/Computer Organization Lab/Lab4/Lab4_1/IP/MUX2T1_32\vivado.jou
#-----------------------------------------------------------
start_gui
open_project {C:/Users/lenovo/Desktop/Computer Organization Lab/Lab4/Lab4_1/IP/MUX2T1_32/MUX2T1_32.xpr}
INFO: [Project 1-313] Project file moved from 'C:/Users/lenovo/Desktop/Computer Organization Lab/Lab0/tools/MUX2T1_32' since last save.
Scanning sources...
Finished scanning sources
INFO: [IP_Flow 19-234] Refreshing IP repositories
INFO: [IP_Flow 19-1700] Loaded user IP repository 'c:/Users/lenovo/Desktop/Computer Organization Lab/Lab4/Lab4_1/IP/MUX2T1_32/MUX2T1_32.srcs/sources_1/new'.
INFO: [IP_Flow 19-2313] Loaded Vivado IP repository 'D:/vivado2017/Vivado/2017.4/data/ip'.
open_project: Time (s): cpu = 00:00:08 ; elapsed = 00:00:05 . Memory (MB): peak = 807.254 ; gain = 89.305
update_compile_order -fileset sources_1
close_project
open_project {C:/Users/lenovo/Desktop/Computer Organization Lab/Lab4/Lab4_1/IP/OExp_newALU/OExp_newALU.xpr}
INFO: [Project 1-313] Project file moved from 'C:/Users/lenovo/Desktop/Computer Organization Lab/Lab1/OExp_newALU' since last save.
Scanning sources...
Finished scanning sources
INFO: [filemgmt 56-1] IP Repository Path: Directory not found as 'C:/Users/lenovo/Desktop/Computer Organization Lab/Lab4/Lab4_1/Lab0/tools'; using path 'C:/Users/lenovo/Desktop/Computer Organization Lab/Lab0/tools' instead.
INFO: [IP_Flow 19-234] Refreshing IP repositories
INFO: [IP_Flow 19-1700] Loaded user IP repository 'c:/Users/lenovo/Desktop/Computer Organization Lab/Lab0/tools'.
INFO: [IP_Flow 19-2313] Loaded Vivado IP repository 'D:/vivado2017/Vivado/2017.4/data/ip'.
update_compile_order -fileset sources_1
close_project
create_project ImmGen {C:/Users/lenovo/Desktop/Computer Organization Lab/Lab4/Lab4_1/IP/ImmGen} -part xc7k160tffg676-2L
INFO: [IP_Flow 19-234] Refreshing IP repositories
INFO: [IP_Flow 19-1704] No user IP repositories specified
INFO: [IP_Flow 19-2313] Loaded Vivado IP repository 'D:/vivado2017/Vivado/2017.4/data/ip'.
file mkdir C:/Users/lenovo/Desktop/Computer Organization Lab/Lab4/Lab4_1/IP/ImmGen/ImmGen.srcs/sources_1/new
file mkdir C:/Users/lenovo/Desktop/Computer Organization Lab/Lab4/Lab4_1/IP/ImmGen/ImmGen.srcs/sources_1/new
file mkdir C:/Users/lenovo/Desktop/Computer Organization Lab/Lab4/Lab4_1/IP/ImmGen/ImmGen.srcs/sources_1/new
file mkdir {C:/Users/lenovo/Desktop/Computer Organization Lab/Lab4/Lab4_1/IP/ImmGen/ImmGen.srcs/sources_1/new}
close [ open {C:/Users/lenovo/Desktop/Computer Organization Lab/Lab4/Lab4_1/IP/ImmGen/ImmGen.srcs/sources_1/new/ImmGen.v} w ]
add_files {{C:/Users/lenovo/Desktop/Computer Organization Lab/Lab4/Lab4_1/IP/ImmGen/ImmGen.srcs/sources_1/new/ImmGen.v}}
update_compile_order -fileset sources_1
ipx::package_project -root_dir {c:/users/lenovo/desktop/computer organization lab/lab4/lab4_1/ip/immgen/immgen.srcs/sources_1/new} -vendor xilinx.com -library user -taxonomy /UserIP
set_property core_revision 2 [ipx::current_core]
ipx::create_xgui_files [ipx::current_core]
ipx::update_checksums [ipx::current_core]
ipx::save_core [ipx::current_core]
set_property  ip_repo_paths  {{c:/users/lenovo/desktop/computer organization lab/lab4/lab4_1/ip/immgen/immgen.srcs/sources_1/new}} [current_project]
update_ip_catalog
INFO: [IP_Flow 19-234] Refreshing IP repositories
INFO: [IP_Flow 19-1700] Loaded user IP repository 'c:/users/lenovo/desktop/computer organization lab/lab4/lab4_1/ip/immgen/immgen.srcs/sources_1/new'.
close_project
create_project PC {C:/Users/lenovo/Desktop/Computer Organization Lab/Lab4/Lab4_1/IP/PC} -part xc7k160tffg676-2L
INFO: [IP_Flow 19-234] Refreshing IP repositories
INFO: [IP_Flow 19-1704] No user IP repositories specified
INFO: [IP_Flow 19-2313] Loaded Vivado IP repository 'D:/vivado2017/Vivado/2017.4/data/ip'.
file mkdir C:/Users/lenovo/Desktop/Computer Organization Lab/Lab4/Lab4_1/IP/PC/PC.srcs/sources_1/new
file mkdir C:/Users/lenovo/Desktop/Computer Organization Lab/Lab4/Lab4_1/IP/PC/PC.srcs/sources_1/new
file mkdir C:/Users/lenovo/Desktop/Computer Organization Lab/Lab4/Lab4_1/IP/PC/PC.srcs/sources_1/new
file mkdir {C:/Users/lenovo/Desktop/Computer Organization Lab/Lab4/Lab4_1/IP/PC/PC.srcs/sources_1/new}
close [ open {C:/Users/lenovo/Desktop/Computer Organization Lab/Lab4/Lab4_1/IP/PC/PC.srcs/sources_1/new/PC.v} w ]
add_files {{C:/Users/lenovo/Desktop/Computer Organization Lab/Lab4/Lab4_1/IP/PC/PC.srcs/sources_1/new/PC.v}}
update_compile_order -fileset sources_1
ipx::package_project -root_dir {c:/users/lenovo/desktop/computer organization lab/lab4/lab4_1/ip/pc/pc.srcs/sources_1/new} -vendor xilinx.com -library user -taxonomy /UserIP
INFO: [IP_Flow 19-4753] Inferred signal 'reset' from port 'rst' as interface 'rst'.
INFO: [IP_Flow 19-4753] Inferred signal 'clock' from port 'clk' as interface 'clk'.
INFO: [IP_Flow 19-4728] Bus Interface 'clk': Added interface parameter 'ASSOCIATED_RESET' with value 'rst'.
ipx::add_bus_parameter ASSOCIATED_BUSIF [ipx::get_bus_interfaces clk -of_objects [ipx::current_core]]
set_property value clk [ipx::get_bus_parameters ASSOCIATED_BUSIF -of_objects [ipx::get_bus_interfaces clk -of_objects [ipx::current_core]]]
ipx::add_bus_parameter POLARITY [ipx::get_bus_interfaces rst -of_objects [ipx::current_core]]
set_property value ACTIVE_HIGH [ipx::get_bus_parameters POLARITY -of_objects [ipx::get_bus_interfaces rst -of_objects [ipx::current_core]]]
set_property core_revision 2 [ipx::current_core]
ipx::create_xgui_files [ipx::current_core]
ipx::update_checksums [ipx::current_core]
ipx::save_core [ipx::current_core]
set_property  ip_repo_paths  {{c:/users/lenovo/desktop/computer organization lab/lab4/lab4_1/ip/pc/pc.srcs/sources_1/new}} [current_project]
update_ip_catalog
INFO: [IP_Flow 19-234] Refreshing IP repositories
INFO: [IP_Flow 19-1700] Loaded user IP repository 'c:/users/lenovo/desktop/computer organization lab/lab4/lab4_1/ip/pc/pc.srcs/sources_1/new'.
close_project
create_project OExp04_1 {C:/Users/lenovo/Desktop/Computer Organization Lab/Lab4/Lab4_1/OExp04_1} -part xc7k160tffg676-2L
INFO: [IP_Flow 19-234] Refreshing IP repositories
INFO: [IP_Flow 19-1704] No user IP repositories specified
INFO: [IP_Flow 19-2313] Loaded Vivado IP repository 'D:/vivado2017/Vivado/2017.4/data/ip'.
file mkdir C:/Users/lenovo/Desktop/Computer Organization Lab/Lab4/Lab4_1/OExp04_1/OExp04_1.srcs/sources_1/new
file mkdir C:/Users/lenovo/Desktop/Computer Organization Lab/Lab4/Lab4_1/OExp04_1/OExp04_1.srcs/sources_1/new
file mkdir C:/Users/lenovo/Desktop/Computer Organization Lab/Lab4/Lab4_1/OExp04_1/OExp04_1.srcs/sources_1/new
file mkdir {C:/Users/lenovo/Desktop/Computer Organization Lab/Lab4/Lab4_1/OExp04_1/OExp04_1.srcs/sources_1/new}
close [ open {C:/Users/lenovo/Desktop/Computer Organization Lab/Lab4/Lab4_1/OExp04_1/OExp04_1.srcs/sources_1/new/DataPath.v} w ]
add_files {{C:/Users/lenovo/Desktop/Computer Organization Lab/Lab4/Lab4_1/OExp04_1/OExp04_1.srcs/sources_1/new/DataPath.v}}
update_compile_order -fileset sources_1
set_property  ip_repo_paths  {{C:/Users/lenovo/Desktop/Computer Organization Lab/Lab4/Lab4_1/IP}} [current_project]
update_ip_catalog
INFO: [IP_Flow 19-234] Refreshing IP repositories
INFO: [IP_Flow 19-1700] Loaded user IP repository 'c:/Users/lenovo/Desktop/Computer Organization Lab/Lab4/Lab4_1/IP'.
create_ip -name add_32 -vendor xilinx.com -library user -version 1.0 -module_name add_32_0 -dir {c:/Users/lenovo/Desktop/Computer Organization Lab/Lab4/Lab4_1/OExp04_1/OExp04_1.srcs/sources_1/ip}
generate_target {instantiation_template} [get_files {{c:/Users/lenovo/Desktop/Computer Organization Lab/Lab4/Lab4_1/OExp04_1/OExp04_1.srcs/sources_1/ip/add_32_0/add_32_0.xci}}]
INFO: [IP_Flow 19-1686] Generating 'Instantiation Template' target for IP 'add_32_0'...
update_compile_order -fileset sources_1
set_property generate_synth_checkpoint false [get_files  {{c:/Users/lenovo/Desktop/Computer Organization Lab/Lab4/Lab4_1/OExp04_1/OExp04_1.srcs/sources_1/ip/add_32_0/add_32_0.xci}}]
generate_target all [get_files  {{c:/Users/lenovo/Desktop/Computer Organization Lab/Lab4/Lab4_1/OExp04_1/OExp04_1.srcs/sources_1/ip/add_32_0/add_32_0.xci}}]
INFO: [IP_Flow 19-1686] Generating 'Instantiation Template' target for IP 'add_32_0'...
INFO: [IP_Flow 19-1686] Generating 'Synthesis' target for IP 'add_32_0'...
INFO: [IP_Flow 19-1686] Generating 'Simulation' target for IP 'add_32_0'...
export_ip_user_files -of_objects [get_files {{c:/Users/lenovo/Desktop/Computer Organization Lab/Lab4/Lab4_1/OExp04_1/OExp04_1.srcs/sources_1/ip/add_32_0/add_32_0.xci}}] -no_script -sync -force -quiet
export_simulation -of_objects [get_files {{c:/Users/lenovo/Desktop/Computer Organization Lab/Lab4/Lab4_1/OExp04_1/OExp04_1.srcs/sources_1/ip/add_32_0/add_32_0.xci}}] -directory {C:/Users/lenovo/Desktop/Computer Organization Lab/Lab4/Lab4_1/OExp04_1/OExp04_1.ip_user_files/sim_scripts} -ip_user_files_dir {C:/Users/lenovo/Desktop/Computer Organization Lab/Lab4/Lab4_1/OExp04_1/OExp04_1.ip_user_files} -ipstatic_source_dir {C:/Users/lenovo/Desktop/Computer Organization Lab/Lab4/Lab4_1/OExp04_1/OExp04_1.ip_user_files/ipstatic} -lib_map_path [list {modelsim=C:/Users/lenovo/Desktop/Computer Organization Lab/Lab4/Lab4_1/OExp04_1/OExp04_1.cache/compile_simlib/modelsim} {questa=C:/Users/lenovo/Desktop/Computer Organization Lab/Lab4/Lab4_1/OExp04_1/OExp04_1.cache/compile_simlib/questa} {riviera=C:/Users/lenovo/Desktop/Computer Organization Lab/Lab4/Lab4_1/OExp04_1/OExp04_1.cache/compile_simlib/riviera} {activehdl=C:/Users/lenovo/Desktop/Computer Organization Lab/Lab4/Lab4_1/OExp04_1/OExp04_1.cache/compile_simlib/activehdl}] -use_ip_compiled_libs -force -quiet
create_ip -name add_32 -vendor xilinx.com -library user -version 1.0 -module_name add_32_1 -dir {c:/Users/lenovo/Desktop/Computer Organization Lab/Lab4/Lab4_1/OExp04_1/OExp04_1.srcs/sources_1/ip}
generate_target {instantiation_template} [get_files {{c:/Users/lenovo/Desktop/Computer Organization Lab/Lab4/Lab4_1/OExp04_1/OExp04_1.srcs/sources_1/ip/add_32_1/add_32_1.xci}}]
INFO: [IP_Flow 19-1686] Generating 'Instantiation Template' target for IP 'add_32_1'...
update_compile_order -fileset sources_1
set_property generate_synth_checkpoint false [get_files  {{c:/Users/lenovo/Desktop/Computer Organization Lab/Lab4/Lab4_1/OExp04_1/OExp04_1.srcs/sources_1/ip/add_32_1/add_32_1.xci}}]
generate_target all [get_files  {{c:/Users/lenovo/Desktop/Computer Organization Lab/Lab4/Lab4_1/OExp04_1/OExp04_1.srcs/sources_1/ip/add_32_1/add_32_1.xci}}]
INFO: [IP_Flow 19-1686] Generating 'Instantiation Template' target for IP 'add_32_1'...
INFO: [IP_Flow 19-1686] Generating 'Synthesis' target for IP 'add_32_1'...
INFO: [IP_Flow 19-1686] Generating 'Simulation' target for IP 'add_32_1'...
export_ip_user_files -of_objects [get_files {{c:/Users/lenovo/Desktop/Computer Organization Lab/Lab4/Lab4_1/OExp04_1/OExp04_1.srcs/sources_1/ip/add_32_1/add_32_1.xci}}] -no_script -sync -force -quiet
export_simulation -of_objects [get_files {{c:/Users/lenovo/Desktop/Computer Organization Lab/Lab4/Lab4_1/OExp04_1/OExp04_1.srcs/sources_1/ip/add_32_1/add_32_1.xci}}] -directory {C:/Users/lenovo/Desktop/Computer Organization Lab/Lab4/Lab4_1/OExp04_1/OExp04_1.ip_user_files/sim_scripts} -ip_user_files_dir {C:/Users/lenovo/Desktop/Computer Organization Lab/Lab4/Lab4_1/OExp04_1/OExp04_1.ip_user_files} -ipstatic_source_dir {C:/Users/lenovo/Desktop/Computer Organization Lab/Lab4/Lab4_1/OExp04_1/OExp04_1.ip_user_files/ipstatic} -lib_map_path [list {modelsim=C:/Users/lenovo/Desktop/Computer Organization Lab/Lab4/Lab4_1/OExp04_1/OExp04_1.cache/compile_simlib/modelsim} {questa=C:/Users/lenovo/Desktop/Computer Organization Lab/Lab4/Lab4_1/OExp04_1/OExp04_1.cache/compile_simlib/questa} {riviera=C:/Users/lenovo/Desktop/Computer Organization Lab/Lab4/Lab4_1/OExp04_1/OExp04_1.cache/compile_simlib/riviera} {activehdl=C:/Users/lenovo/Desktop/Computer Organization Lab/Lab4/Lab4_1/OExp04_1/OExp04_1.cache/compile_simlib/activehdl}] -use_ip_compiled_libs -force -quiet
create_ip -name ImmGen -vendor xilinx.com -library user -version 1.0 -module_name ImmGen_0 -dir {c:/Users/lenovo/Desktop/Computer Organization Lab/Lab4/Lab4_1/OExp04_1/OExp04_1.srcs/sources_1/ip}
generate_target {instantiation_template} [get_files {{c:/Users/lenovo/Desktop/Computer Organization Lab/Lab4/Lab4_1/OExp04_1/OExp04_1.srcs/sources_1/ip/ImmGen_0/ImmGen_0.xci}}]
INFO: [IP_Flow 19-1686] Generating 'Instantiation Template' target for IP 'ImmGen_0'...
set_property generate_synth_checkpoint false [get_files  {{c:/Users/lenovo/Desktop/Computer Organization Lab/Lab4/Lab4_1/OExp04_1/OExp04_1.srcs/sources_1/ip/ImmGen_0/ImmGen_0.xci}}]
generate_target all [get_files  {{c:/Users/lenovo/Desktop/Computer Organization Lab/Lab4/Lab4_1/OExp04_1/OExp04_1.srcs/sources_1/ip/ImmGen_0/ImmGen_0.xci}}]
INFO: [IP_Flow 19-1686] Generating 'Instantiation Template' target for IP 'ImmGen_0'...
INFO: [IP_Flow 19-1686] Generating 'Synthesis' target for IP 'ImmGen_0'...
INFO: [IP_Flow 19-1686] Generating 'Simulation' target for IP 'ImmGen_0'...
export_ip_user_files -of_objects [get_files {{c:/Users/lenovo/Desktop/Computer Organization Lab/Lab4/Lab4_1/OExp04_1/OExp04_1.srcs/sources_1/ip/ImmGen_0/ImmGen_0.xci}}] -no_script -sync -force -quiet
export_simulation -of_objects [get_files {{c:/Users/lenovo/Desktop/Computer Organization Lab/Lab4/Lab4_1/OExp04_1/OExp04_1.srcs/sources_1/ip/ImmGen_0/ImmGen_0.xci}}] -directory {C:/Users/lenovo/Desktop/Computer Organization Lab/Lab4/Lab4_1/OExp04_1/OExp04_1.ip_user_files/sim_scripts} -ip_user_files_dir {C:/Users/lenovo/Desktop/Computer Organization Lab/Lab4/Lab4_1/OExp04_1/OExp04_1.ip_user_files} -ipstatic_source_dir {C:/Users/lenovo/Desktop/Computer Organization Lab/Lab4/Lab4_1/OExp04_1/OExp04_1.ip_user_files/ipstatic} -lib_map_path [list {modelsim=C:/Users/lenovo/Desktop/Computer Organization Lab/Lab4/Lab4_1/OExp04_1/OExp04_1.cache/compile_simlib/modelsim} {questa=C:/Users/lenovo/Desktop/Computer Organization Lab/Lab4/Lab4_1/OExp04_1/OExp04_1.cache/compile_simlib/questa} {riviera=C:/Users/lenovo/Desktop/Computer Organization Lab/Lab4/Lab4_1/OExp04_1/OExp04_1.cache/compile_simlib/riviera} {activehdl=C:/Users/lenovo/Desktop/Computer Organization Lab/Lab4/Lab4_1/OExp04_1/OExp04_1.cache/compile_simlib/activehdl}] -use_ip_compiled_libs -force -quiet
update_compile_order -fileset sources_1
create_ip -name MUX2T1_32 -vendor xilinx.com -library user -version 1.0 -module_name MUX2T1_32_0 -dir {c:/Users/lenovo/Desktop/Computer Organization Lab/Lab4/Lab4_1/OExp04_1/OExp04_1.srcs/sources_1/ip}
generate_target {instantiation_template} [get_files {{c:/Users/lenovo/Desktop/Computer Organization Lab/Lab4/Lab4_1/OExp04_1/OExp04_1.srcs/sources_1/ip/MUX2T1_32_0/MUX2T1_32_0.xci}}]
INFO: [IP_Flow 19-1686] Generating 'Instantiation Template' target for IP 'MUX2T1_32_0'...
update_compile_order -fileset sources_1
set_property generate_synth_checkpoint false [get_files  {{c:/Users/lenovo/Desktop/Computer Organization Lab/Lab4/Lab4_1/OExp04_1/OExp04_1.srcs/sources_1/ip/MUX2T1_32_0/MUX2T1_32_0.xci}}]
generate_target all [get_files  {{c:/Users/lenovo/Desktop/Computer Organization Lab/Lab4/Lab4_1/OExp04_1/OExp04_1.srcs/sources_1/ip/MUX2T1_32_0/MUX2T1_32_0.xci}}]
INFO: [IP_Flow 19-1686] Generating 'Instantiation Template' target for IP 'MUX2T1_32_0'...
INFO: [IP_Flow 19-1686] Generating 'Synthesis' target for IP 'MUX2T1_32_0'...
INFO: [IP_Flow 19-1686] Generating 'Simulation' target for IP 'MUX2T1_32_0'...
export_ip_user_files -of_objects [get_files {{c:/Users/lenovo/Desktop/Computer Organization Lab/Lab4/Lab4_1/OExp04_1/OExp04_1.srcs/sources_1/ip/MUX2T1_32_0/MUX2T1_32_0.xci}}] -no_script -sync -force -quiet
export_simulation -of_objects [get_files {{c:/Users/lenovo/Desktop/Computer Organization Lab/Lab4/Lab4_1/OExp04_1/OExp04_1.srcs/sources_1/ip/MUX2T1_32_0/MUX2T1_32_0.xci}}] -directory {C:/Users/lenovo/Desktop/Computer Organization Lab/Lab4/Lab4_1/OExp04_1/OExp04_1.ip_user_files/sim_scripts} -ip_user_files_dir {C:/Users/lenovo/Desktop/Computer Organization Lab/Lab4/Lab4_1/OExp04_1/OExp04_1.ip_user_files} -ipstatic_source_dir {C:/Users/lenovo/Desktop/Computer Organization Lab/Lab4/Lab4_1/OExp04_1/OExp04_1.ip_user_files/ipstatic} -lib_map_path [list {modelsim=C:/Users/lenovo/Desktop/Computer Organization Lab/Lab4/Lab4_1/OExp04_1/OExp04_1.cache/compile_simlib/modelsim} {questa=C:/Users/lenovo/Desktop/Computer Organization Lab/Lab4/Lab4_1/OExp04_1/OExp04_1.cache/compile_simlib/questa} {riviera=C:/Users/lenovo/Desktop/Computer Organization Lab/Lab4/Lab4_1/OExp04_1/OExp04_1.cache/compile_simlib/riviera} {activehdl=C:/Users/lenovo/Desktop/Computer Organization Lab/Lab4/Lab4_1/OExp04_1/OExp04_1.cache/compile_simlib/activehdl}] -use_ip_compiled_libs -force -quiet
create_ip -name MUX2T1_32 -vendor xilinx.com -library user -version 1.0 -module_name MUX2T1_32_1 -dir {c:/Users/lenovo/Desktop/Computer Organization Lab/Lab4/Lab4_1/OExp04_1/OExp04_1.srcs/sources_1/ip}
generate_target {instantiation_template} [get_files {{c:/Users/lenovo/Desktop/Computer Organization Lab/Lab4/Lab4_1/OExp04_1/OExp04_1.srcs/sources_1/ip/MUX2T1_32_1/MUX2T1_32_1.xci}}]
INFO: [IP_Flow 19-1686] Generating 'Instantiation Template' target for IP 'MUX2T1_32_1'...
update_compile_order -fileset sources_1
set_property generate_synth_checkpoint false [get_files  {{c:/Users/lenovo/Desktop/Computer Organization Lab/Lab4/Lab4_1/OExp04_1/OExp04_1.srcs/sources_1/ip/MUX2T1_32_1/MUX2T1_32_1.xci}}]
generate_target all [get_files  {{c:/Users/lenovo/Desktop/Computer Organization Lab/Lab4/Lab4_1/OExp04_1/OExp04_1.srcs/sources_1/ip/MUX2T1_32_1/MUX2T1_32_1.xci}}]
INFO: [IP_Flow 19-1686] Generating 'Instantiation Template' target for IP 'MUX2T1_32_1'...
INFO: [IP_Flow 19-1686] Generating 'Synthesis' target for IP 'MUX2T1_32_1'...
INFO: [IP_Flow 19-1686] Generating 'Simulation' target for IP 'MUX2T1_32_1'...
export_ip_user_files -of_objects [get_files {{c:/Users/lenovo/Desktop/Computer Organization Lab/Lab4/Lab4_1/OExp04_1/OExp04_1.srcs/sources_1/ip/MUX2T1_32_1/MUX2T1_32_1.xci}}] -no_script -sync -force -quiet
export_simulation -of_objects [get_files {{c:/Users/lenovo/Desktop/Computer Organization Lab/Lab4/Lab4_1/OExp04_1/OExp04_1.srcs/sources_1/ip/MUX2T1_32_1/MUX2T1_32_1.xci}}] -directory {C:/Users/lenovo/Desktop/Computer Organization Lab/Lab4/Lab4_1/OExp04_1/OExp04_1.ip_user_files/sim_scripts} -ip_user_files_dir {C:/Users/lenovo/Desktop/Computer Organization Lab/Lab4/Lab4_1/OExp04_1/OExp04_1.ip_user_files} -ipstatic_source_dir {C:/Users/lenovo/Desktop/Computer Organization Lab/Lab4/Lab4_1/OExp04_1/OExp04_1.ip_user_files/ipstatic} -lib_map_path [list {modelsim=C:/Users/lenovo/Desktop/Computer Organization Lab/Lab4/Lab4_1/OExp04_1/OExp04_1.cache/compile_simlib/modelsim} {questa=C:/Users/lenovo/Desktop/Computer Organization Lab/Lab4/Lab4_1/OExp04_1/OExp04_1.cache/compile_simlib/questa} {riviera=C:/Users/lenovo/Desktop/Computer Organization Lab/Lab4/Lab4_1/OExp04_1/OExp04_1.cache/compile_simlib/riviera} {activehdl=C:/Users/lenovo/Desktop/Computer Organization Lab/Lab4/Lab4_1/OExp04_1/OExp04_1.cache/compile_simlib/activehdl}] -use_ip_compiled_libs -force -quiet
create_ip -name MUX2T1_32 -vendor xilinx.com -library user -version 1.0 -module_name MUX2T1_32_2 -dir {c:/Users/lenovo/Desktop/Computer Organization Lab/Lab4/Lab4_1/OExp04_1/OExp04_1.srcs/sources_1/ip}
generate_target {instantiation_template} [get_files {{c:/Users/lenovo/Desktop/Computer Organization Lab/Lab4/Lab4_1/OExp04_1/OExp04_1.srcs/sources_1/ip/MUX2T1_32_2/MUX2T1_32_2.xci}}]
INFO: [IP_Flow 19-1686] Generating 'Instantiation Template' target for IP 'MUX2T1_32_2'...
update_compile_order -fileset sources_1
set_property generate_synth_checkpoint false [get_files  {{c:/Users/lenovo/Desktop/Computer Organization Lab/Lab4/Lab4_1/OExp04_1/OExp04_1.srcs/sources_1/ip/MUX2T1_32_2/MUX2T1_32_2.xci}}]
generate_target all [get_files  {{c:/Users/lenovo/Desktop/Computer Organization Lab/Lab4/Lab4_1/OExp04_1/OExp04_1.srcs/sources_1/ip/MUX2T1_32_2/MUX2T1_32_2.xci}}]
INFO: [IP_Flow 19-1686] Generating 'Instantiation Template' target for IP 'MUX2T1_32_2'...
INFO: [IP_Flow 19-1686] Generating 'Synthesis' target for IP 'MUX2T1_32_2'...
INFO: [IP_Flow 19-1686] Generating 'Simulation' target for IP 'MUX2T1_32_2'...
export_ip_user_files -of_objects [get_files {{c:/Users/lenovo/Desktop/Computer Organization Lab/Lab4/Lab4_1/OExp04_1/OExp04_1.srcs/sources_1/ip/MUX2T1_32_2/MUX2T1_32_2.xci}}] -no_script -sync -force -quiet
export_simulation -of_objects [get_files {{c:/Users/lenovo/Desktop/Computer Organization Lab/Lab4/Lab4_1/OExp04_1/OExp04_1.srcs/sources_1/ip/MUX2T1_32_2/MUX2T1_32_2.xci}}] -directory {C:/Users/lenovo/Desktop/Computer Organization Lab/Lab4/Lab4_1/OExp04_1/OExp04_1.ip_user_files/sim_scripts} -ip_user_files_dir {C:/Users/lenovo/Desktop/Computer Organization Lab/Lab4/Lab4_1/OExp04_1/OExp04_1.ip_user_files} -ipstatic_source_dir {C:/Users/lenovo/Desktop/Computer Organization Lab/Lab4/Lab4_1/OExp04_1/OExp04_1.ip_user_files/ipstatic} -lib_map_path [list {modelsim=C:/Users/lenovo/Desktop/Computer Organization Lab/Lab4/Lab4_1/OExp04_1/OExp04_1.cache/compile_simlib/modelsim} {questa=C:/Users/lenovo/Desktop/Computer Organization Lab/Lab4/Lab4_1/OExp04_1/OExp04_1.cache/compile_simlib/questa} {riviera=C:/Users/lenovo/Desktop/Computer Organization Lab/Lab4/Lab4_1/OExp04_1/OExp04_1.cache/compile_simlib/riviera} {activehdl=C:/Users/lenovo/Desktop/Computer Organization Lab/Lab4/Lab4_1/OExp04_1/OExp04_1.cache/compile_simlib/activehdl}] -use_ip_compiled_libs -force -quiet
create_ip -name MUX4T1_32 -vendor xilinx.com -library user -version 1.0 -module_name MUX4T1_32_0 -dir {c:/Users/lenovo/Desktop/Computer Organization Lab/Lab4/Lab4_1/OExp04_1/OExp04_1.srcs/sources_1/ip}
generate_target {instantiation_template} [get_files {{c:/Users/lenovo/Desktop/Computer Organization Lab/Lab4/Lab4_1/OExp04_1/OExp04_1.srcs/sources_1/ip/MUX4T1_32_0/MUX4T1_32_0.xci}}]
INFO: [IP_Flow 19-1686] Generating 'Instantiation Template' target for IP 'MUX4T1_32_0'...
set_property generate_synth_checkpoint false [get_files  {{c:/Users/lenovo/Desktop/Computer Organization Lab/Lab4/Lab4_1/OExp04_1/OExp04_1.srcs/sources_1/ip/MUX4T1_32_0/MUX4T1_32_0.xci}}]
generate_target all [get_files  {{c:/Users/lenovo/Desktop/Computer Organization Lab/Lab4/Lab4_1/OExp04_1/OExp04_1.srcs/sources_1/ip/MUX4T1_32_0/MUX4T1_32_0.xci}}]
INFO: [IP_Flow 19-1686] Generating 'Instantiation Template' target for IP 'MUX4T1_32_0'...
INFO: [IP_Flow 19-1686] Generating 'Synthesis' target for IP 'MUX4T1_32_0'...
INFO: [IP_Flow 19-1686] Generating 'Simulation' target for IP 'MUX4T1_32_0'...
export_ip_user_files -of_objects [get_files {{c:/Users/lenovo/Desktop/Computer Organization Lab/Lab4/Lab4_1/OExp04_1/OExp04_1.srcs/sources_1/ip/MUX4T1_32_0/MUX4T1_32_0.xci}}] -no_script -sync -force -quiet
export_simulation -of_objects [get_files {{c:/Users/lenovo/Desktop/Computer Organization Lab/Lab4/Lab4_1/OExp04_1/OExp04_1.srcs/sources_1/ip/MUX4T1_32_0/MUX4T1_32_0.xci}}] -directory {C:/Users/lenovo/Desktop/Computer Organization Lab/Lab4/Lab4_1/OExp04_1/OExp04_1.ip_user_files/sim_scripts} -ip_user_files_dir {C:/Users/lenovo/Desktop/Computer Organization Lab/Lab4/Lab4_1/OExp04_1/OExp04_1.ip_user_files} -ipstatic_source_dir {C:/Users/lenovo/Desktop/Computer Organization Lab/Lab4/Lab4_1/OExp04_1/OExp04_1.ip_user_files/ipstatic} -lib_map_path [list {modelsim=C:/Users/lenovo/Desktop/Computer Organization Lab/Lab4/Lab4_1/OExp04_1/OExp04_1.cache/compile_simlib/modelsim} {questa=C:/Users/lenovo/Desktop/Computer Organization Lab/Lab4/Lab4_1/OExp04_1/OExp04_1.cache/compile_simlib/questa} {riviera=C:/Users/lenovo/Desktop/Computer Organization Lab/Lab4/Lab4_1/OExp04_1/OExp04_1.cache/compile_simlib/riviera} {activehdl=C:/Users/lenovo/Desktop/Computer Organization Lab/Lab4/Lab4_1/OExp04_1/OExp04_1.cache/compile_simlib/activehdl}] -use_ip_compiled_libs -force -quiet
update_compile_order -fileset sources_1
create_ip -name Regs -vendor xilinx.com -library user -version 1.0 -module_name Regs_0 -dir {c:/Users/lenovo/Desktop/Computer Organization Lab/Lab4/Lab4_1/OExp04_1/OExp04_1.srcs/sources_1/ip}
generate_target {instantiation_template} [get_files {{c:/Users/lenovo/Desktop/Computer Organization Lab/Lab4/Lab4_1/OExp04_1/OExp04_1.srcs/sources_1/ip/Regs_0/Regs_0.xci}}]
INFO: [IP_Flow 19-1686] Generating 'Instantiation Template' target for IP 'Regs_0'...
update_compile_order -fileset sources_1
set_property generate_synth_checkpoint false [get_files  {{c:/Users/lenovo/Desktop/Computer Organization Lab/Lab4/Lab4_1/OExp04_1/OExp04_1.srcs/sources_1/ip/Regs_0/Regs_0.xci}}]
generate_target all [get_files  {{c:/Users/lenovo/Desktop/Computer Organization Lab/Lab4/Lab4_1/OExp04_1/OExp04_1.srcs/sources_1/ip/Regs_0/Regs_0.xci}}]
INFO: [IP_Flow 19-1686] Generating 'Instantiation Template' target for IP 'Regs_0'...
INFO: [IP_Flow 19-1686] Generating 'Synthesis' target for IP 'Regs_0'...
INFO: [IP_Flow 19-1686] Generating 'Simulation' target for IP 'Regs_0'...
INFO: [IP_Flow 19-1686] Generating 'Test Bench' target for IP 'Regs_0'...
export_ip_user_files -of_objects [get_files {{c:/Users/lenovo/Desktop/Computer Organization Lab/Lab4/Lab4_1/OExp04_1/OExp04_1.srcs/sources_1/ip/Regs_0/Regs_0.xci}}] -no_script -sync -force -quiet
export_simulation -of_objects [get_files {{c:/Users/lenovo/Desktop/Computer Organization Lab/Lab4/Lab4_1/OExp04_1/OExp04_1.srcs/sources_1/ip/Regs_0/Regs_0.xci}}] -directory {C:/Users/lenovo/Desktop/Computer Organization Lab/Lab4/Lab4_1/OExp04_1/OExp04_1.ip_user_files/sim_scripts} -ip_user_files_dir {C:/Users/lenovo/Desktop/Computer Organization Lab/Lab4/Lab4_1/OExp04_1/OExp04_1.ip_user_files} -ipstatic_source_dir {C:/Users/lenovo/Desktop/Computer Organization Lab/Lab4/Lab4_1/OExp04_1/OExp04_1.ip_user_files/ipstatic} -lib_map_path [list {modelsim=C:/Users/lenovo/Desktop/Computer Organization Lab/Lab4/Lab4_1/OExp04_1/OExp04_1.cache/compile_simlib/modelsim} {questa=C:/Users/lenovo/Desktop/Computer Organization Lab/Lab4/Lab4_1/OExp04_1/OExp04_1.cache/compile_simlib/questa} {riviera=C:/Users/lenovo/Desktop/Computer Organization Lab/Lab4/Lab4_1/OExp04_1/OExp04_1.cache/compile_simlib/riviera} {activehdl=C:/Users/lenovo/Desktop/Computer Organization Lab/Lab4/Lab4_1/OExp04_1/OExp04_1.cache/compile_simlib/activehdl}] -use_ip_compiled_libs -force -quiet
create_ip -name REG32 -vendor xilinx.com -library user -version 1.0 -module_name REG32_0 -dir {c:/Users/lenovo/Desktop/Computer Organization Lab/Lab4/Lab4_1/OExp04_1/OExp04_1.srcs/sources_1/ip}
generate_target {instantiation_template} [get_files {{c:/Users/lenovo/Desktop/Computer Organization Lab/Lab4/Lab4_1/OExp04_1/OExp04_1.srcs/sources_1/ip/REG32_0/REG32_0.xci}}]
INFO: [IP_Flow 19-1686] Generating 'Instantiation Template' target for IP 'REG32_0'...
update_compile_order -fileset sources_1
set_property generate_synth_checkpoint false [get_files  {{c:/Users/lenovo/Desktop/Computer Organization Lab/Lab4/Lab4_1/OExp04_1/OExp04_1.srcs/sources_1/ip/REG32_0/REG32_0.xci}}]
generate_target all [get_files  {{c:/Users/lenovo/Desktop/Computer Organization Lab/Lab4/Lab4_1/OExp04_1/OExp04_1.srcs/sources_1/ip/REG32_0/REG32_0.xci}}]
INFO: [IP_Flow 19-1686] Generating 'Instantiation Template' target for IP 'REG32_0'...
INFO: [IP_Flow 19-1686] Generating 'Synthesis' target for IP 'REG32_0'...
INFO: [IP_Flow 19-1686] Generating 'Simulation' target for IP 'REG32_0'...
export_ip_user_files -of_objects [get_files {{c:/Users/lenovo/Desktop/Computer Organization Lab/Lab4/Lab4_1/OExp04_1/OExp04_1.srcs/sources_1/ip/REG32_0/REG32_0.xci}}] -no_script -sync -force -quiet
export_simulation -of_objects [get_files {{c:/Users/lenovo/Desktop/Computer Organization Lab/Lab4/Lab4_1/OExp04_1/OExp04_1.srcs/sources_1/ip/REG32_0/REG32_0.xci}}] -directory {C:/Users/lenovo/Desktop/Computer Organization Lab/Lab4/Lab4_1/OExp04_1/OExp04_1.ip_user_files/sim_scripts} -ip_user_files_dir {C:/Users/lenovo/Desktop/Computer Organization Lab/Lab4/Lab4_1/OExp04_1/OExp04_1.ip_user_files} -ipstatic_source_dir {C:/Users/lenovo/Desktop/Computer Organization Lab/Lab4/Lab4_1/OExp04_1/OExp04_1.ip_user_files/ipstatic} -lib_map_path [list {modelsim=C:/Users/lenovo/Desktop/Computer Organization Lab/Lab4/Lab4_1/OExp04_1/OExp04_1.cache/compile_simlib/modelsim} {questa=C:/Users/lenovo/Desktop/Computer Organization Lab/Lab4/Lab4_1/OExp04_1/OExp04_1.cache/compile_simlib/questa} {riviera=C:/Users/lenovo/Desktop/Computer Organization Lab/Lab4/Lab4_1/OExp04_1/OExp04_1.cache/compile_simlib/riviera} {activehdl=C:/Users/lenovo/Desktop/Computer Organization Lab/Lab4/Lab4_1/OExp04_1/OExp04_1.cache/compile_simlib/activehdl}] -use_ip_compiled_libs -force -quiet
update_ip_catalog -rebuild
INFO: [IP_Flow 19-234] Refreshing IP repositories
INFO: [IP_Flow 19-1700] Loaded user IP repository 'c:/Users/lenovo/Desktop/Computer Organization Lab/Lab4/Lab4_1/IP'.
create_ip -name ALU -vendor xilinx.com -library user -version 1.0 -module_name ALU_0 -dir {c:/Users/lenovo/Desktop/Computer Organization Lab/Lab4/Lab4_1/OExp04_1/OExp04_1.srcs/sources_1/ip}
generate_target {instantiation_template} [get_files {{c:/Users/lenovo/Desktop/Computer Organization Lab/Lab4/Lab4_1/OExp04_1/OExp04_1.srcs/sources_1/ip/ALU_0/ALU_0.xci}}]
INFO: [IP_Flow 19-1686] Generating 'Instantiation Template' target for IP 'ALU_0'...
update_compile_order -fileset sources_1
set_property generate_synth_checkpoint false [get_files  {{c:/Users/lenovo/Desktop/Computer Organization Lab/Lab4/Lab4_1/OExp04_1/OExp04_1.srcs/sources_1/ip/ALU_0/ALU_0.xci}}]
generate_target all [get_files  {{c:/Users/lenovo/Desktop/Computer Organization Lab/Lab4/Lab4_1/OExp04_1/OExp04_1.srcs/sources_1/ip/ALU_0/ALU_0.xci}}]
INFO: [IP_Flow 19-1686] Generating 'Instantiation Template' target for IP 'ALU_0'...
INFO: [IP_Flow 19-1686] Generating 'Synthesis' target for IP 'ALU_0'...
INFO: [IP_Flow 19-1686] Generating 'Simulation' target for IP 'ALU_0'...
INFO: [IP_Flow 19-1686] Generating 'Test Bench' target for IP 'ALU_0'...
export_ip_user_files -of_objects [get_files {{c:/Users/lenovo/Desktop/Computer Organization Lab/Lab4/Lab4_1/OExp04_1/OExp04_1.srcs/sources_1/ip/ALU_0/ALU_0.xci}}] -no_script -sync -force -quiet
export_simulation -of_objects [get_files {{c:/Users/lenovo/Desktop/Computer Organization Lab/Lab4/Lab4_1/OExp04_1/OExp04_1.srcs/sources_1/ip/ALU_0/ALU_0.xci}}] -directory {C:/Users/lenovo/Desktop/Computer Organization Lab/Lab4/Lab4_1/OExp04_1/OExp04_1.ip_user_files/sim_scripts} -ip_user_files_dir {C:/Users/lenovo/Desktop/Computer Organization Lab/Lab4/Lab4_1/OExp04_1/OExp04_1.ip_user_files} -ipstatic_source_dir {C:/Users/lenovo/Desktop/Computer Organization Lab/Lab4/Lab4_1/OExp04_1/OExp04_1.ip_user_files/ipstatic} -lib_map_path [list {modelsim=C:/Users/lenovo/Desktop/Computer Organization Lab/Lab4/Lab4_1/OExp04_1/OExp04_1.cache/compile_simlib/modelsim} {questa=C:/Users/lenovo/Desktop/Computer Organization Lab/Lab4/Lab4_1/OExp04_1/OExp04_1.cache/compile_simlib/questa} {riviera=C:/Users/lenovo/Desktop/Computer Organization Lab/Lab4/Lab4_1/OExp04_1/OExp04_1.cache/compile_simlib/riviera} {activehdl=C:/Users/lenovo/Desktop/Computer Organization Lab/Lab4/Lab4_1/OExp04_1/OExp04_1.cache/compile_simlib/activehdl}] -use_ip_compiled_libs -force -quiet
update_compile_order -fileset sources_1
ipx::package_project -root_dir {c:/users/lenovo/desktop/computer organization lab/lab4/lab4_1/oexp04_1/oexp04_1.srcs/sources_1} -vendor xilinx.com -library user -taxonomy /UserIP
INFO: [IP_Flow 19-4753] Inferred signal 'reset' from port 'rst' as interface 'rst'.
INFO: [IP_Flow 19-4753] Inferred signal 'clock' from port 'clk' as interface 'clk'.
INFO: [IP_Flow 19-4728] Bus Interface 'clk': Added interface parameter 'ASSOCIATED_RESET' with value 'rst'.
ipx::add_bus_parameter ASSOCIATED_BUSIF [ipx::get_bus_interfaces clk -of_objects [ipx::current_core]]
set_property value clk [ipx::get_bus_parameters ASSOCIATED_BUSIF -of_objects [ipx::get_bus_interfaces clk -of_objects [ipx::current_core]]]
ipx::add_bus_parameter POLARITY [ipx::get_bus_interfaces rst -of_objects [ipx::current_core]]
set_property value ACTIVE_HIGH [ipx::get_bus_parameters POLARITY -of_objects [ipx::get_bus_interfaces rst -of_objects [ipx::current_core]]]
set_property core_revision 2 [ipx::current_core]
ipx::create_xgui_files [ipx::current_core]
ipx::update_checksums [ipx::current_core]
ipx::save_core [ipx::current_core]
set_property  ip_repo_paths  {{c:/users/lenovo/desktop/computer organization lab/lab4/lab4_1/oexp04_1/oexp04_1.srcs/sources_1} {c:/Users/lenovo/Desktop/Computer Organization Lab/Lab4/Lab4_1/IP}} [current_project]
update_ip_catalog
INFO: [IP_Flow 19-234] Refreshing IP repositories
INFO: [IP_Flow 19-1700] Loaded user IP repository 'c:/users/lenovo/desktop/computer organization lab/lab4/lab4_1/oexp04_1/oexp04_1.srcs/sources_1'.
INFO: [IP_Flow 19-1700] Loaded user IP repository 'c:/Users/lenovo/Desktop/Computer Organization Lab/Lab4/Lab4_1/IP'.
exit
INFO: [Common 17-206] Exiting Vivado at Tue Mar 29 11:21:59 2022...
