Copyright 1986-2017 Xilinx, Inc. All Rights Reserved.
------------------------------------------------------------------------------------
| Tool Version : Vivado v.2017.4 (win64) Build 2086221 Fri Dec 15 20:55:39 MST 2017
| Date         : Tue Apr 26 20:06:46 2022
| Host         : LAPTOP-GIMOV2AL running 64-bit major release  (build 9200)
| Command      : upgrade_ip
| Device       : xc7k160tffg676-2L
------------------------------------------------------------------------------------

Upgrade Log for IP 'RV_Int_0'

1. Summary
----------

SUCCESS in the conversion of RV_Int_0 (xilinx.com:user:RV_Int:1.0 (Rev. 2)) to Vivado generation flows.






Copyright 1986-2017 Xilinx, Inc. All Rights Reserved.
------------------------------------------------------------------------------------
| Tool Version : Vivado v.2017.4 (win64) Build 2086221 Fri Dec 15 20:55:39 MST 2017
| Date         : Fri Apr 22 14:38:43 2022
| Host         : LAPTOP-GIMOV2AL running 64-bit major release  (build 9200)
| Command      : upgrade_ip
| Device       : xc7k160tffg676-2L
------------------------------------------------------------------------------------

Upgrade Log for IP 'Regs_0'

1. Summary
----------

CAUTION (success, with warnings) in the conversion of Regs_0 (xilinx.com:user:Regs:1.0 (Rev. 3)) to Vivado generation flows.

After upgrade, an IP may have parameter and port differences compared to the original customization. Please review the parameters within the IP customization GUI to ensure proper functionality. Also, please review the updated IP instantiation template to ensure proper connectivity, and update your design if required.

2. Connection Warnings
----------------------

Detected external port differences while upgrading 'Regs_0'. These changes may impact your design.


-Upgrade has added port 'a0'

-Upgrade has added port 'a1'

-Upgrade has added port 'a2'

-Upgrade has added port 'a3'

-Upgrade has added port 'a4'

-Upgrade has added port 'a5'

-Upgrade has added port 'a6'

-Upgrade has added port 'a7'

-Upgrade has added port 'gp'

-Upgrade has added port 'ra'

-Upgrade has added port 's0'

-Upgrade has added port 's1'

-Upgrade has added port 's10'

-Upgrade has added port 's11'

-Upgrade has added port 's2'

-Upgrade has added port 's3'

-Upgrade has added port 's4'

-Upgrade has added port 's5'

-Upgrade has added port 's6'

-Upgrade has added port 's7'

-Upgrade has added port 's8'

-Upgrade has added port 's9'

-Upgrade has added port 'sp'

-Upgrade has added port 't0'

-Upgrade has added port 't1'

-Upgrade has added port 't2'

-Upgrade has added port 't3'

-Upgrade has added port 't4'

-Upgrade has added port 't5'

-Upgrade has added port 't6'

-Upgrade has added port 'tp'

-Upgrade has added port 'x0'







Copyright 1986-2017 Xilinx, Inc. All Rights Reserved.
------------------------------------------------------------------------------------
| Tool Version : Vivado v.2017.4 (win64) Build 2086221 Fri Dec 15 20:55:39 MST 2017
| Date         : Tue Apr 19 20:12:19 2022
| Host         : LAPTOP-GIMOV2AL running 64-bit major release  (build 9200)
| Command      : upgrade_ip
| Device       : xc7k160tffg676-2L
------------------------------------------------------------------------------------

Upgrade Log for IP 'RV_Int_0'

1. Summary
----------

SUCCESS in the conversion of RV_Int_0 (xilinx.com:user:RV_Int:1.0 (Rev. 2)) to Vivado generation flows.






Copyright 1986-2017 Xilinx, Inc. All Rights Reserved.
------------------------------------------------------------------------------------
| Tool Version : Vivado v.2017.4 (win64) Build 2086221 Fri Dec 15 20:55:39 MST 2017
| Date         : Tue Apr 19 20:12:05 2022
| Host         : LAPTOP-GIMOV2AL running 64-bit major release  (build 9200)
| Command      : upgrade_ip
| Device       : xc7k160tffg676-2L
------------------------------------------------------------------------------------

Upgrade Log for IP 'REG32_0'

1. Summary
----------

SUCCESS in the conversion of REG32_0 (xilinx.com:user:REG32:1.0 (Rev. 2)) to Vivado generation flows.






Copyright 1986-2017 Xilinx, Inc. All Rights Reserved.
------------------------------------------------------------------------------------
| Tool Version : Vivado v.2017.4 (win64) Build 2086221 Fri Dec 15 20:55:39 MST 2017
| Date         : Tue Apr 19 20:02:57 2022
| Host         : LAPTOP-GIMOV2AL running 64-bit major release  (build 9200)
| Command      : upgrade_ip
| Device       : xc7k160tffg676-2L
------------------------------------------------------------------------------------

Upgrade Log for IP 'RV_Int_0'

1. Summary
----------

SUCCESS in the conversion of RV_Int_0 (xilinx.com:user:RV_Int:1.0 (Rev. 2)) to Vivado generation flows.






Copyright 1986-2017 Xilinx, Inc. All Rights Reserved.
------------------------------------------------------------------------------------
| Tool Version : Vivado v.2017.4 (win64) Build 2086221 Fri Dec 15 20:55:39 MST 2017
| Date         : Tue Apr 19 19:32:21 2022
| Host         : LAPTOP-GIMOV2AL running 64-bit major release  (build 9200)
| Command      : upgrade_ip
| Device       : xc7k160tffg676-2L
------------------------------------------------------------------------------------

Upgrade Log for IP 'RV_Int_0'

1. Summary
----------

SUCCESS in the conversion of RV_Int_0 (xilinx.com:user:RV_Int:1.0 (Rev. 2)) to Vivado generation flows.






Copyright 1986-2017 Xilinx, Inc. All Rights Reserved.
------------------------------------------------------------------------------------
| Tool Version : Vivado v.2017.4 (win64) Build 2086221 Fri Dec 15 20:55:39 MST 2017
| Date         : Tue Apr 19 19:23:09 2022
| Host         : LAPTOP-GIMOV2AL running 64-bit major release  (build 9200)
| Command      : upgrade_ip
| Device       : xc7k160tffg676-2L
------------------------------------------------------------------------------------

Upgrade Log for IP 'RV_Int_0'

1. Summary
----------

SUCCESS in the conversion of RV_Int_0 (xilinx.com:user:RV_Int:1.0 (Rev. 2)) to Vivado generation flows.






Copyright 1986-2017 Xilinx, Inc. All Rights Reserved.
------------------------------------------------------------------------------------
| Tool Version : Vivado v.2017.4 (win64) Build 2086221 Fri Dec 15 20:55:39 MST 2017
| Date         : Tue Apr 19 19:10:38 2022
| Host         : LAPTOP-GIMOV2AL running 64-bit major release  (build 9200)
| Command      : upgrade_ip
| Device       : xc7k160tffg676-2L
------------------------------------------------------------------------------------

Upgrade Log for IP 'RV_Int_0'

1. Summary
----------

SUCCESS in the conversion of RV_Int_0 (xilinx.com:user:RV_Int:1.0 (Rev. 2)) to Vivado generation flows.






Copyright 1986-2017 Xilinx, Inc. All Rights Reserved.
------------------------------------------------------------------------------------
| Tool Version : Vivado v.2017.4 (win64) Build 2086221 Fri Dec 15 20:55:39 MST 2017
| Date         : Mon Apr 18 22:05:43 2022
| Host         : LAPTOP-GIMOV2AL running 64-bit major release  (build 9200)
| Command      : upgrade_ip
| Device       : xc7k160tffg676-2L
------------------------------------------------------------------------------------

Upgrade Log for IP 'RV_Int_0'

1. Summary
----------

SUCCESS in the conversion of RV_Int_0 (xilinx.com:user:RV_Int:1.0 (Rev. 2)) to Vivado generation flows.






Copyright 1986-2017 Xilinx, Inc. All Rights Reserved.
------------------------------------------------------------------------------------
| Tool Version : Vivado v.2017.4 (win64) Build 2086221 Fri Dec 15 20:55:39 MST 2017
| Date         : Mon Apr 18 22:00:28 2022
| Host         : LAPTOP-GIMOV2AL running 64-bit major release  (build 9200)
| Command      : upgrade_ip
| Device       : xc7k160tffg676-2L
------------------------------------------------------------------------------------

Upgrade Log for IP 'RV_Int_0'

1. Summary
----------

SUCCESS in the upgrade of RV_Int_0 (xilinx.com:user:RV_Int:1.0) from (Rev. 3) to (Rev. 2)






Copyright 1986-2017 Xilinx, Inc. All Rights Reserved.
------------------------------------------------------------------------------------
| Tool Version : Vivado v.2017.4 (win64) Build 2086221 Fri Dec 15 20:55:39 MST 2017
| Date         : Mon Apr 18 21:16:22 2022
| Host         : LAPTOP-GIMOV2AL running 64-bit major release  (build 9200)
| Command      : upgrade_ip
| Device       : xc7k160tffg676-2L
------------------------------------------------------------------------------------

Upgrade Log for IP 'RV_Int_0'

1. Summary
----------

SUCCESS in the upgrade of RV_Int_0 (xilinx.com:user:RV_Int:1.0) from (Rev. 2) to (Rev. 3)






Copyright 1986-2017 Xilinx, Inc. All Rights Reserved.
------------------------------------------------------------------------------------
| Tool Version : Vivado v.2017.4 (win64) Build 2086221 Fri Dec 15 20:55:39 MST 2017
| Date         : Mon Apr 18 21:03:03 2022
| Host         : LAPTOP-GIMOV2AL running 64-bit major release  (build 9200)
| Command      : upgrade_ip
| Device       : xc7k160tffg676-2L
------------------------------------------------------------------------------------

Upgrade Log for IP 'RV_Int_0'

1. Summary
----------

SUCCESS in the conversion of RV_Int_0 (xilinx.com:user:RV_Int:1.0 (Rev. 2)) to Vivado generation flows.






Copyright 1986-2017 Xilinx, Inc. All Rights Reserved.
------------------------------------------------------------------------------------
| Tool Version : Vivado v.2017.4 (win64) Build 2086221 Fri Dec 15 20:55:39 MST 2017
| Date         : Mon Apr 18 20:54:15 2022
| Host         : LAPTOP-GIMOV2AL running 64-bit major release  (build 9200)
| Command      : upgrade_ip
| Device       : xc7k160tffg676-2L
------------------------------------------------------------------------------------

Upgrade Log for IP 'RV_Int_0'

1. Summary
----------

SUCCESS in the conversion of RV_Int_0 (xilinx.com:user:RV_Int:1.0 (Rev. 2)) to Vivado generation flows.






Copyright 1986-2017 Xilinx, Inc. All Rights Reserved.
------------------------------------------------------------------------------------
| Tool Version : Vivado v.2017.4 (win64) Build 2086221 Fri Dec 15 20:55:39 MST 2017
| Date         : Mon Apr 18 19:28:33 2022
| Host         : LAPTOP-GIMOV2AL running 64-bit major release  (build 9200)
| Command      : upgrade_ip
| Device       : xc7k160tffg676-2L
------------------------------------------------------------------------------------

Upgrade Log for IP 'RV_Int_0'

1. Summary
----------

SUCCESS in the conversion of RV_Int_0 (xilinx.com:user:RV_Int:1.0 (Rev. 2)) to Vivado generation flows.






Copyright 1986-2017 Xilinx, Inc. All Rights Reserved.
------------------------------------------------------------------------------------
| Tool Version : Vivado v.2017.4 (win64) Build 2086221 Fri Dec 15 20:55:39 MST 2017
| Date         : Sat Apr 16 12:08:01 2022
| Host         : LAPTOP-GIMOV2AL running 64-bit major release  (build 9200)
| Command      : upgrade_ip
| Device       : xc7k160tffg676-2L
------------------------------------------------------------------------------------

Upgrade Log for IP 'MUX2T1_32_0'

1. Summary
----------

SUCCESS in the conversion of MUX2T1_32_0 (xilinx.com:user:MUX2T1_32:1.0 (Rev. 2)) to Vivado generation flows.






Copyright 1986-2017 Xilinx, Inc. All Rights Reserved.
------------------------------------------------------------------------------------
| Tool Version : Vivado v.2017.4 (win64) Build 2086221 Fri Dec 15 20:55:39 MST 2017
| Date         : Sat Apr 16 12:07:43 2022
| Host         : LAPTOP-GIMOV2AL running 64-bit major release  (build 9200)
| Command      : upgrade_ip
| Device       : xc7k160tffg676-2L
------------------------------------------------------------------------------------

Upgrade Log for IP 'MUX2T1_32_1'

1. Summary
----------

SUCCESS in the conversion of MUX2T1_32_1 (xilinx.com:user:MUX2T1_32:1.0 (Rev. 2)) to Vivado generation flows.






Copyright 1986-2017 Xilinx, Inc. All Rights Reserved.
------------------------------------------------------------------------------------
| Tool Version : Vivado v.2017.4 (win64) Build 2086221 Fri Dec 15 20:55:39 MST 2017
| Date         : Fri Apr 15 12:04:00 2022
| Host         : LAPTOP-GIMOV2AL running 64-bit major release  (build 9200)
| Command      : upgrade_ip
| Device       : xc7k160tffg676-2L
------------------------------------------------------------------------------------

Upgrade Log for IP 'ALU_0'

1. Summary
----------

SUCCESS in the conversion of ALU_0 (xilinx.com:user:ALU:1.0 (Rev. 2)) to Vivado generation flows.

