Copyright 1986-2017 Xilinx, Inc. All Rights Reserved.
------------------------------------------------------------------------------------
| Tool Version : Vivado v.2017.4 (win64) Build 2086221 Fri Dec 15 20:55:39 MST 2017
| Date         : Tue Apr 26 20:07:24 2022
| Host         : LAPTOP-GIMOV2AL running 64-bit major release  (build 9200)
| Command      : upgrade_ip
| Device       : xc7k160tffg676-2L
------------------------------------------------------------------------------------

Upgrade Log for IP 'DataPath_more_0'

1. Summary
----------

SUCCESS in the conversion of DataPath_more_0 (xilinx.com:user:DataPath_more:1.0 (Rev. 2)) to Vivado generation flows.






Copyright 1986-2017 Xilinx, Inc. All Rights Reserved.
------------------------------------------------------------------------------------
| Tool Version : Vivado v.2017.4 (win64) Build 2086221 Fri Dec 15 20:55:39 MST 2017
| Date         : Fri Apr 22 15:04:48 2022
| Host         : LAPTOP-GIMOV2AL running 64-bit major release  (build 9200)
| Command      : upgrade_ip
| Device       : xc7k160tffg676-2L
------------------------------------------------------------------------------------

Upgrade Log for IP 'DataPath_more_0'

1. Summary
----------

CAUTION (success, with warnings) in the conversion of DataPath_more_0 (xilinx.com:user:DataPath_more:1.0 (Rev. 2)) to Vivado generation flows.

After upgrade, an IP may have parameter and port differences compared to the original customization. Please review the parameters within the IP customization GUI to ensure proper functionality. Also, please review the updated IP instantiation template to ensure proper connectivity, and update your design if required.

2. Connection Warnings
----------------------

Detected external port differences while upgrading 'DataPath_more_0'. These changes may impact your design.


-Upgrade has added port 'a0'

-Upgrade has added port 'a1'

-Upgrade has added port 'a2'

-Upgrade has added port 'a3'

-Upgrade has added port 'a4'

-Upgrade has added port 'a5'

-Upgrade has added port 'a6'

-Upgrade has added port 'a7'

-Upgrade has added port 'gp'

-Upgrade has added port 'ra'

-Upgrade has added port 's0'

-Upgrade has added port 's1'

-Upgrade has added port 's10'

-Upgrade has added port 's11'

-Upgrade has added port 's2'

-Upgrade has added port 's3'

-Upgrade has added port 's4'

-Upgrade has added port 's5'

-Upgrade has added port 's6'

-Upgrade has added port 's7'

-Upgrade has added port 's8'

-Upgrade has added port 's9'

-Upgrade has added port 'sp'

-Upgrade has added port 't0'

-Upgrade has added port 't1'

-Upgrade has added port 't2'

-Upgrade has added port 't3'

-Upgrade has added port 't4'

-Upgrade has added port 't5'

-Upgrade has added port 't6'

-Upgrade has added port 'tp'

-Upgrade has added port 'x0'







Copyright 1986-2017 Xilinx, Inc. All Rights Reserved.
------------------------------------------------------------------------------------
| Tool Version : Vivado v.2017.4 (win64) Build 2086221 Fri Dec 15 20:55:39 MST 2017
| Date         : Fri Apr 22 14:40:30 2022
| Host         : LAPTOP-GIMOV2AL running 64-bit major release  (build 9200)
| Command      : upgrade_ip
| Device       : xc7k160tffg676-2L
------------------------------------------------------------------------------------

Upgrade Log for IP 'DataPath_more_0'

1. Summary
----------

SUCCESS in the conversion of DataPath_more_0 (xilinx.com:user:DataPath_more:1.0 (Rev. 2)) to Vivado generation flows.






Copyright 1986-2017 Xilinx, Inc. All Rights Reserved.
------------------------------------------------------------------------------------
| Tool Version : Vivado v.2017.4 (win64) Build 2086221 Fri Dec 15 20:55:39 MST 2017
| Date         : Tue Apr 19 20:12:53 2022
| Host         : LAPTOP-GIMOV2AL running 64-bit major release  (build 9200)
| Command      : upgrade_ip
| Device       : xc7k160tffg676-2L
------------------------------------------------------------------------------------

Upgrade Log for IP 'DataPath_more_0'

1. Summary
----------

SUCCESS in the conversion of DataPath_more_0 (xilinx.com:user:DataPath_more:1.0 (Rev. 2)) to Vivado generation flows.






Copyright 1986-2017 Xilinx, Inc. All Rights Reserved.
------------------------------------------------------------------------------------
| Tool Version : Vivado v.2017.4 (win64) Build 2086221 Fri Dec 15 20:55:39 MST 2017
| Date         : Tue Apr 19 20:03:28 2022
| Host         : LAPTOP-GIMOV2AL running 64-bit major release  (build 9200)
| Command      : upgrade_ip
| Device       : xc7k160tffg676-2L
------------------------------------------------------------------------------------

Upgrade Log for IP 'DataPath_more_0'

1. Summary
----------

SUCCESS in the conversion of DataPath_more_0 (xilinx.com:user:DataPath_more:1.0 (Rev. 2)) to Vivado generation flows.






Copyright 1986-2017 Xilinx, Inc. All Rights Reserved.
------------------------------------------------------------------------------------
| Tool Version : Vivado v.2017.4 (win64) Build 2086221 Fri Dec 15 20:55:39 MST 2017
| Date         : Tue Apr 19 19:32:55 2022
| Host         : LAPTOP-GIMOV2AL running 64-bit major release  (build 9200)
| Command      : upgrade_ip
| Device       : xc7k160tffg676-2L
------------------------------------------------------------------------------------

Upgrade Log for IP 'DataPath_more_0'

1. Summary
----------

SUCCESS in the conversion of DataPath_more_0 (xilinx.com:user:DataPath_more:1.0 (Rev. 2)) to Vivado generation flows.






Copyright 1986-2017 Xilinx, Inc. All Rights Reserved.
------------------------------------------------------------------------------------
| Tool Version : Vivado v.2017.4 (win64) Build 2086221 Fri Dec 15 20:55:39 MST 2017
| Date         : Tue Apr 19 19:23:43 2022
| Host         : LAPTOP-GIMOV2AL running 64-bit major release  (build 9200)
| Command      : upgrade_ip
| Device       : xc7k160tffg676-2L
------------------------------------------------------------------------------------

Upgrade Log for IP 'DataPath_more_0'

1. Summary
----------

SUCCESS in the conversion of DataPath_more_0 (xilinx.com:user:DataPath_more:1.0 (Rev. 2)) to Vivado generation flows.






Copyright 1986-2017 Xilinx, Inc. All Rights Reserved.
------------------------------------------------------------------------------------
| Tool Version : Vivado v.2017.4 (win64) Build 2086221 Fri Dec 15 20:55:39 MST 2017
| Date         : Tue Apr 19 19:11:11 2022
| Host         : LAPTOP-GIMOV2AL running 64-bit major release  (build 9200)
| Command      : upgrade_ip
| Device       : xc7k160tffg676-2L
------------------------------------------------------------------------------------

Upgrade Log for IP 'DataPath_more_0'

1. Summary
----------

SUCCESS in the conversion of DataPath_more_0 (xilinx.com:user:DataPath_more:1.0 (Rev. 2)) to Vivado generation flows.






Copyright 1986-2017 Xilinx, Inc. All Rights Reserved.
------------------------------------------------------------------------------------
| Tool Version : Vivado v.2017.4 (win64) Build 2086221 Fri Dec 15 20:55:39 MST 2017
| Date         : Mon Apr 18 22:06:44 2022
| Host         : LAPTOP-GIMOV2AL running 64-bit major release  (build 9200)
| Command      : upgrade_ip
| Device       : xc7k160tffg676-2L
------------------------------------------------------------------------------------

Upgrade Log for IP 'DataPath_more_0'

1. Summary
----------

SUCCESS in the conversion of DataPath_more_0 (xilinx.com:user:DataPath_more:1.0 (Rev. 2)) to Vivado generation flows.






Copyright 1986-2017 Xilinx, Inc. All Rights Reserved.
------------------------------------------------------------------------------------
| Tool Version : Vivado v.2017.4 (win64) Build 2086221 Fri Dec 15 20:55:39 MST 2017
| Date         : Mon Apr 18 22:01:34 2022
| Host         : LAPTOP-GIMOV2AL running 64-bit major release  (build 9200)
| Command      : upgrade_ip
| Device       : xc7k160tffg676-2L
------------------------------------------------------------------------------------

Upgrade Log for IP 'DataPath_more_0'

1. Summary
----------

SUCCESS in the conversion of DataPath_more_0 (xilinx.com:user:DataPath_more:1.0 (Rev. 2)) to Vivado generation flows.






Copyright 1986-2017 Xilinx, Inc. All Rights Reserved.
------------------------------------------------------------------------------------
| Tool Version : Vivado v.2017.4 (win64) Build 2086221 Fri Dec 15 20:55:39 MST 2017
| Date         : Mon Apr 18 21:17:02 2022
| Host         : LAPTOP-GIMOV2AL running 64-bit major release  (build 9200)
| Command      : upgrade_ip
| Device       : xc7k160tffg676-2L
------------------------------------------------------------------------------------

Upgrade Log for IP 'DataPath_more_0'

1. Summary
----------

SUCCESS in the conversion of DataPath_more_0 (xilinx.com:user:DataPath_more:1.0 (Rev. 2)) to Vivado generation flows.






Copyright 1986-2017 Xilinx, Inc. All Rights Reserved.
------------------------------------------------------------------------------------
| Tool Version : Vivado v.2017.4 (win64) Build 2086221 Fri Dec 15 20:55:39 MST 2017
| Date         : Mon Apr 18 21:03:38 2022
| Host         : LAPTOP-GIMOV2AL running 64-bit major release  (build 9200)
| Command      : upgrade_ip
| Device       : xc7k160tffg676-2L
------------------------------------------------------------------------------------

Upgrade Log for IP 'DataPath_more_0'

1. Summary
----------

SUCCESS in the conversion of DataPath_more_0 (xilinx.com:user:DataPath_more:1.0 (Rev. 2)) to Vivado generation flows.






Copyright 1986-2017 Xilinx, Inc. All Rights Reserved.
------------------------------------------------------------------------------------
| Tool Version : Vivado v.2017.4 (win64) Build 2086221 Fri Dec 15 20:55:39 MST 2017
| Date         : Mon Apr 18 20:54:49 2022
| Host         : LAPTOP-GIMOV2AL running 64-bit major release  (build 9200)
| Command      : upgrade_ip
| Device       : xc7k160tffg676-2L
------------------------------------------------------------------------------------

Upgrade Log for IP 'DataPath_more_0'

1. Summary
----------

SUCCESS in the conversion of DataPath_more_0 (xilinx.com:user:DataPath_more:1.0 (Rev. 2)) to Vivado generation flows.






Copyright 1986-2017 Xilinx, Inc. All Rights Reserved.
------------------------------------------------------------------------------------
| Tool Version : Vivado v.2017.4 (win64) Build 2086221 Fri Dec 15 20:55:39 MST 2017
| Date         : Mon Apr 18 19:29:15 2022
| Host         : LAPTOP-GIMOV2AL running 64-bit major release  (build 9200)
| Command      : upgrade_ip
| Device       : xc7k160tffg676-2L
------------------------------------------------------------------------------------

Upgrade Log for IP 'DataPath_more_0'

1. Summary
----------

SUCCESS in the conversion of DataPath_more_0 (xilinx.com:user:DataPath_more:1.0 (Rev. 2)) to Vivado generation flows.






Copyright 1986-2017 Xilinx, Inc. All Rights Reserved.
------------------------------------------------------------------------------------
| Tool Version : Vivado v.2017.4 (win64) Build 2086221 Fri Dec 15 20:55:39 MST 2017
| Date         : Mon Apr 18 19:29:08 2022
| Host         : LAPTOP-GIMOV2AL running 64-bit major release  (build 9200)
| Command      : upgrade_ip
| Device       : xc7k160tffg676-2L
------------------------------------------------------------------------------------

Upgrade Log for IP 'SCPU_ctrl_Int_0'

1. Summary
----------

SUCCESS in the conversion of SCPU_ctrl_Int_0 (xilinx.com:user:SCPU_ctrl_Int:1.0 (Rev. 2)) to Vivado generation flows.






Copyright 1986-2017 Xilinx, Inc. All Rights Reserved.
------------------------------------------------------------------------------------
| Tool Version : Vivado v.2017.4 (win64) Build 2086221 Fri Dec 15 20:55:39 MST 2017
| Date         : Sat Apr 16 12:16:57 2022
| Host         : LAPTOP-GIMOV2AL running 64-bit major release  (build 9200)
| Command      : upgrade_ip
| Device       : xc7k160tffg676-2L
------------------------------------------------------------------------------------

Upgrade Log for IP 'DataPath_more_0'

1. Summary
----------

SUCCESS in the conversion of DataPath_more_0 (xilinx.com:user:DataPath_more:1.0 (Rev. 2)) to Vivado generation flows.






Copyright 1986-2017 Xilinx, Inc. All Rights Reserved.
------------------------------------------------------------------------------------
| Tool Version : Vivado v.2017.4 (win64) Build 2086221 Fri Dec 15 20:55:39 MST 2017
| Date         : Sat Apr 16 12:09:06 2022
| Host         : LAPTOP-GIMOV2AL running 64-bit major release  (build 9200)
| Command      : upgrade_ip
| Device       : xc7k160tffg676-2L
------------------------------------------------------------------------------------

Upgrade Log for IP 'DataPath_more_0'

1. Summary
----------

SUCCESS in the conversion of DataPath_more_0 (xilinx.com:user:DataPath_more:1.0 (Rev. 2)) to Vivado generation flows.






Copyright 1986-2017 Xilinx, Inc. All Rights Reserved.
------------------------------------------------------------------------------------
| Tool Version : Vivado v.2017.4 (win64) Build 2086221 Fri Dec 15 20:55:39 MST 2017
| Date         : Sat Apr 16 00:17:49 2022
| Host         : LAPTOP-GIMOV2AL running 64-bit major release  (build 9200)
| Command      : upgrade_ip
| Device       : xc7k160tffg676-2L
------------------------------------------------------------------------------------

Upgrade Log for IP 'DataPath_more_0'

1. Summary
----------

SUCCESS in the conversion of DataPath_more_0 (xilinx.com:user:DataPath_more:1.0 (Rev. 2)) to Vivado generation flows.






Copyright 1986-2017 Xilinx, Inc. All Rights Reserved.
------------------------------------------------------------------------------------
| Tool Version : Vivado v.2017.4 (win64) Build 2086221 Fri Dec 15 20:55:39 MST 2017
| Date         : Fri Apr 15 12:42:14 2022
| Host         : LAPTOP-GIMOV2AL running 64-bit major release  (build 9200)
| Command      : upgrade_ip
| Device       : xc7k160tffg676-2L
------------------------------------------------------------------------------------

Upgrade Log for IP 'SCPU_ctrl_Int_0'

1. Summary
----------

SUCCESS in the conversion of SCPU_ctrl_Int_0 (xilinx.com:user:SCPU_ctrl_Int:1.0 (Rev. 2)) to Vivado generation flows.






Copyright 1986-2017 Xilinx, Inc. All Rights Reserved.
------------------------------------------------------------------------------------
| Tool Version : Vivado v.2017.4 (win64) Build 2086221 Fri Dec 15 20:55:39 MST 2017
| Date         : Fri Apr 15 12:21:01 2022
| Host         : LAPTOP-GIMOV2AL running 64-bit major release  (build 9200)
| Command      : upgrade_ip
| Device       : xc7k160tffg676-2L
------------------------------------------------------------------------------------

Upgrade Log for IP 'SCPU_ctrl_Int_0'

1. Summary
----------

SUCCESS in the conversion of SCPU_ctrl_Int_0 (xilinx.com:user:SCPU_ctrl_Int:1.0 (Rev. 2)) to Vivado generation flows.






Copyright 1986-2017 Xilinx, Inc. All Rights Reserved.
------------------------------------------------------------------------------------
| Tool Version : Vivado v.2017.4 (win64) Build 2086221 Fri Dec 15 20:55:39 MST 2017
| Date         : Fri Apr 15 12:08:02 2022
| Host         : LAPTOP-GIMOV2AL running 64-bit major release  (build 9200)
| Command      : upgrade_ip
| Device       : xc7k160tffg676-2L
------------------------------------------------------------------------------------

Upgrade Log for IP 'DataPath_more_0'

1. Summary
----------

SUCCESS in the conversion of DataPath_more_0 (xilinx.com:user:DataPath_more:1.0 (Rev. 2)) to Vivado generation flows.






Copyright 1986-2017 Xilinx, Inc. All Rights Reserved.
------------------------------------------------------------------------------------
| Tool Version : Vivado v.2017.4 (win64) Build 2086221 Fri Dec 15 20:55:39 MST 2017
| Date         : Tue Apr 12 20:32:22 2022
| Host         : LAPTOP-GIMOV2AL running 64-bit major release  (build 9200)
| Command      : upgrade_ip
| Device       : xc7k160tffg676-2L
------------------------------------------------------------------------------------

Upgrade Log for IP 'SCPU_ctrl_Int_0'

1. Summary
----------

SUCCESS in the upgrade of SCPU_ctrl_Int_0 (xilinx.com:user:SCPU_ctrl_Int:1.0) from (Rev. 3) to (Rev. 2)






Copyright 1986-2017 Xilinx, Inc. All Rights Reserved.
------------------------------------------------------------------------------------
| Tool Version : Vivado v.2017.4 (win64) Build 2086221 Fri Dec 15 20:55:39 MST 2017
| Date         : Tue Apr 12 18:46:37 2022
| Host         : LAPTOP-GIMOV2AL running 64-bit major release  (build 9200)
| Command      : upgrade_ip
| Device       : xc7k160tffg676-2L
------------------------------------------------------------------------------------

Upgrade Log for IP 'SCPU_ctrl_Int_0'

1. Summary
----------

SUCCESS in the upgrade of SCPU_ctrl_Int_0 (xilinx.com:user:SCPU_ctrl_Int:1.0) from (Rev. 2) to (Rev. 3)

