Copyright 1986-2017 Xilinx, Inc. All Rights Reserved.
------------------------------------------------------------------------------------
| Tool Version : Vivado v.2017.4 (win64) Build 2086221 Fri Dec 15 20:55:39 MST 2017
| Date         : Thu Jun  2 22:28:24 2022
| Host         : LAPTOP-GIMOV2AL running 64-bit major release  (build 9200)
| Command      : upgrade_ip
| Device       : xc7k160tffg676-2L
------------------------------------------------------------------------------------

Upgrade Log for IP 'IF_reg_ID_0'

1. Summary
----------

CAUTION (success, with warnings) in the conversion of IF_reg_ID_0 (xilinx.com:user:IF_reg_ID:1.0 (Rev. 2)) to Vivado generation flows.

After upgrade, an IP may have parameter and port differences compared to the original customization. Please review the parameters within the IP customization GUI to ensure proper functionality. Also, please review the updated IP instantiation template to ensure proper connectivity, and update your design if required.

2. Connection Warnings
----------------------

Detected external port differences while upgrading 'IF_reg_ID_0'. These changes may impact your design.


-Upgrade has added port 'dis_ID'







Copyright 1986-2017 Xilinx, Inc. All Rights Reserved.
------------------------------------------------------------------------------------
| Tool Version : Vivado v.2017.4 (win64) Build 2086221 Fri Dec 15 20:55:39 MST 2017
| Date         : Thu Jun  2 22:27:55 2022
| Host         : LAPTOP-GIMOV2AL running 64-bit major release  (build 9200)
| Command      : upgrade_ip
| Device       : xc7k160tffg676-2L
------------------------------------------------------------------------------------

Upgrade Log for IP 'Pipeline_IF_0'

1. Summary
----------

CAUTION (success, with warnings) in the conversion of Pipeline_IF_0 (xilinx.com:user:Pipeline_IF:1.0 (Rev. 2)) to Vivado generation flows.

After upgrade, an IP may have parameter and port differences compared to the original customization. Please review the parameters within the IP customization GUI to ensure proper functionality. Also, please review the updated IP instantiation template to ensure proper connectivity, and update your design if required.

2. Connection Warnings
----------------------

Detected external port differences while upgrading 'Pipeline_IF_0'. These changes may impact your design.


-Upgrade has added port 'dis'







Copyright 1986-2017 Xilinx, Inc. All Rights Reserved.
------------------------------------------------------------------------------------
| Tool Version : Vivado v.2017.4 (win64) Build 2086221 Fri Dec 15 20:55:39 MST 2017
| Date         : Thu May 19 13:17:36 2022
| Host         : LAPTOP-GIMOV2AL running 64-bit major release  (build 9200)
| Command      : upgrade_ip
| Device       : xc7k160tffg676-2L
------------------------------------------------------------------------------------

Upgrade Log for IP 'stall_0'

1. Summary
----------

SUCCESS in the conversion of stall_0 (xilinx.com:user:stall:1.0 (Rev. 2)) to Vivado generation flows.






Copyright 1986-2017 Xilinx, Inc. All Rights Reserved.
------------------------------------------------------------------------------------
| Tool Version : Vivado v.2017.4 (win64) Build 2086221 Fri Dec 15 20:55:39 MST 2017
| Date         : Wed May 18 17:39:35 2022
| Host         : LAPTOP-GIMOV2AL running 64-bit major release  (build 9200)
| Command      : upgrade_ip
| Device       : xc7k160tffg676-2L
------------------------------------------------------------------------------------

Upgrade Log for IP 'stall_0'

1. Summary
----------

SUCCESS in the conversion of stall_0 (xilinx.com:user:stall:1.0 (Rev. 2)) to Vivado generation flows.






Copyright 1986-2017 Xilinx, Inc. All Rights Reserved.
------------------------------------------------------------------------------------
| Tool Version : Vivado v.2017.4 (win64) Build 2086221 Fri Dec 15 20:55:39 MST 2017
| Date         : Wed May 18 16:13:20 2022
| Host         : LAPTOP-GIMOV2AL running 64-bit major release  (build 9200)
| Command      : upgrade_ip
| Device       : xc7k160tffg676-2L
------------------------------------------------------------------------------------

Upgrade Log for IP 'Pipeline_IF_0'

1. Summary
----------

SUCCESS in the upgrade of Pipeline_IF_0 (xilinx.com:user:Pipeline_IF:1.0) from (Rev. 3) to (Rev. 2)






Copyright 1986-2017 Xilinx, Inc. All Rights Reserved.
------------------------------------------------------------------------------------
| Tool Version : Vivado v.2017.4 (win64) Build 2086221 Fri Dec 15 20:55:39 MST 2017
| Date         : Wed May 18 16:05:44 2022
| Host         : LAPTOP-GIMOV2AL running 64-bit major release  (build 9200)
| Command      : upgrade_ip
| Device       : xc7k160tffg676-2L
------------------------------------------------------------------------------------

Upgrade Log for IP 'Pipeline_IF_0'

1. Summary
----------

SUCCESS in the upgrade of Pipeline_IF_0 (xilinx.com:user:Pipeline_IF:1.0) from (Rev. 2) to (Rev. 3)






Copyright 1986-2017 Xilinx, Inc. All Rights Reserved.
------------------------------------------------------------------------------------
| Tool Version : Vivado v.2017.4 (win64) Build 2086221 Fri Dec 15 20:55:39 MST 2017
| Date         : Wed May 18 14:29:30 2022
| Host         : LAPTOP-GIMOV2AL running 64-bit major release  (build 9200)
| Command      : upgrade_ip
| Device       : xc7k160tffg676-2L
------------------------------------------------------------------------------------

Upgrade Log for IP 'Pipeline_IF_0'

1. Summary
----------

SUCCESS in the conversion of Pipeline_IF_0 (xilinx.com:user:Pipeline_IF:1.0 (Rev. 2)) to Vivado generation flows.






Copyright 1986-2017 Xilinx, Inc. All Rights Reserved.
------------------------------------------------------------------------------------
| Tool Version : Vivado v.2017.4 (win64) Build 2086221 Fri Dec 15 20:55:39 MST 2017
| Date         : Wed May 18 14:13:46 2022
| Host         : LAPTOP-GIMOV2AL running 64-bit major release  (build 9200)
| Command      : upgrade_ip
| Device       : xc7k160tffg676-2L
------------------------------------------------------------------------------------

Upgrade Log for IP 'Pipeline_IF_0'

1. Summary
----------

SUCCESS in the conversion of Pipeline_IF_0 (xilinx.com:user:Pipeline_IF:1.0 (Rev. 2)) to Vivado generation flows.






Copyright 1986-2017 Xilinx, Inc. All Rights Reserved.
------------------------------------------------------------------------------------
| Tool Version : Vivado v.2017.4 (win64) Build 2086221 Fri Dec 15 20:55:39 MST 2017
| Date         : Wed May 18 13:53:50 2022
| Host         : LAPTOP-GIMOV2AL running 64-bit major release  (build 9200)
| Command      : upgrade_ip
| Device       : xc7k160tffg676-2L
------------------------------------------------------------------------------------

Upgrade Log for IP 'Pipeline_Ex_0'

1. Summary
----------

SUCCESS in the conversion of Pipeline_Ex_0 (xilinx.com:user:Pipeline_Ex:1.0 (Rev. 2)) to Vivado generation flows.






Copyright 1986-2017 Xilinx, Inc. All Rights Reserved.
------------------------------------------------------------------------------------
| Tool Version : Vivado v.2017.4 (win64) Build 2086221 Fri Dec 15 20:55:39 MST 2017
| Date         : Wed May 18 13:53:35 2022
| Host         : LAPTOP-GIMOV2AL running 64-bit major release  (build 9200)
| Command      : upgrade_ip
| Device       : xc7k160tffg676-2L
------------------------------------------------------------------------------------

Upgrade Log for IP 'Pipeline_IF_0'

1. Summary
----------

SUCCESS in the conversion of Pipeline_IF_0 (xilinx.com:user:Pipeline_IF:1.0 (Rev. 2)) to Vivado generation flows.






Copyright 1986-2017 Xilinx, Inc. All Rights Reserved.
------------------------------------------------------------------------------------
| Tool Version : Vivado v.2017.4 (win64) Build 2086221 Fri Dec 15 20:55:39 MST 2017
| Date         : Wed May 18 13:14:16 2022
| Host         : LAPTOP-GIMOV2AL running 64-bit major release  (build 9200)
| Command      : upgrade_ip
| Device       : xc7k160tffg676-2L
------------------------------------------------------------------------------------

Upgrade Log for IP 'Pipeline_IF_0'

1. Summary
----------

SUCCESS in the upgrade of Pipeline_IF_0 (xilinx.com:user:Pipeline_IF:1.0) from (Rev. 3) to (Rev. 2)






Copyright 1986-2017 Xilinx, Inc. All Rights Reserved.
------------------------------------------------------------------------------------
| Tool Version : Vivado v.2017.4 (win64) Build 2086221 Fri Dec 15 20:55:39 MST 2017
| Date         : Tue May 17 23:46:30 2022
| Host         : LAPTOP-GIMOV2AL running 64-bit major release  (build 9200)
| Command      : upgrade_ip
| Device       : xc7k160tffg676-2L
------------------------------------------------------------------------------------

Upgrade Log for IP 'Pipeline_IF_0'

1. Summary
----------

SUCCESS in the upgrade of Pipeline_IF_0 (xilinx.com:user:Pipeline_IF:1.0) from (Rev. 2) to (Rev. 3)






Copyright 1986-2017 Xilinx, Inc. All Rights Reserved.
------------------------------------------------------------------------------------
| Tool Version : Vivado v.2017.4 (win64) Build 2086221 Fri Dec 15 20:55:39 MST 2017
| Date         : Tue May 17 23:13:15 2022
| Host         : LAPTOP-GIMOV2AL running 64-bit major release  (build 9200)
| Command      : upgrade_ip
| Device       : xc7k160tffg676-2L
------------------------------------------------------------------------------------

Upgrade Log for IP 'Pipeline_IF_0'

1. Summary
----------

SUCCESS in the conversion of Pipeline_IF_0 (xilinx.com:user:Pipeline_IF:1.0 (Rev. 2)) to Vivado generation flows.






Copyright 1986-2017 Xilinx, Inc. All Rights Reserved.
------------------------------------------------------------------------------------
| Tool Version : Vivado v.2017.4 (win64) Build 2086221 Fri Dec 15 20:55:39 MST 2017
| Date         : Tue May 17 22:51:37 2022
| Host         : LAPTOP-GIMOV2AL running 64-bit major release  (build 9200)
| Command      : upgrade_ip
| Device       : xc7k160tffg676-2L
------------------------------------------------------------------------------------

Upgrade Log for IP 'Pipeline_IF_0'

1. Summary
----------

SUCCESS in the conversion of Pipeline_IF_0 (xilinx.com:user:Pipeline_IF:1.0 (Rev. 2)) to Vivado generation flows.






Copyright 1986-2017 Xilinx, Inc. All Rights Reserved.
------------------------------------------------------------------------------------
| Tool Version : Vivado v.2017.4 (win64) Build 2086221 Fri Dec 15 20:55:39 MST 2017
| Date         : Tue May 17 22:38:09 2022
| Host         : LAPTOP-GIMOV2AL running 64-bit major release  (build 9200)
| Command      : upgrade_ip
| Device       : xc7k160tffg676-2L
------------------------------------------------------------------------------------

Upgrade Log for IP 'Pipeline_IF_0'

1. Summary
----------

SUCCESS in the conversion of Pipeline_IF_0 (xilinx.com:user:Pipeline_IF:1.0 (Rev. 2)) to Vivado generation flows.






Copyright 1986-2017 Xilinx, Inc. All Rights Reserved.
------------------------------------------------------------------------------------
| Tool Version : Vivado v.2017.4 (win64) Build 2086221 Fri Dec 15 20:55:39 MST 2017
| Date         : Tue May 17 22:20:47 2022
| Host         : LAPTOP-GIMOV2AL running 64-bit major release  (build 9200)
| Command      : upgrade_ip
| Device       : xc7k160tffg676-2L
------------------------------------------------------------------------------------

Upgrade Log for IP 'Ex_reg_Mem_0'

1. Summary
----------

CAUTION (success, with warnings) in the conversion of Ex_reg_Mem_0 (xilinx.com:user:Ex_reg_Mem:1.0 (Rev. 2)) to Vivado generation flows.

After upgrade, an IP may have parameter and port differences compared to the original customization. Please review the parameters within the IP customization GUI to ensure proper functionality. Also, please review the updated IP instantiation template to ensure proper connectivity, and update your design if required.

2. Connection Warnings
----------------------

Detected external port differences while upgrading 'Ex_reg_Mem_0'. These changes may impact your design.


-Upgraded port 'valid_out_EXMem' width 1 differs from original width 32







Copyright 1986-2017 Xilinx, Inc. All Rights Reserved.
------------------------------------------------------------------------------------
| Tool Version : Vivado v.2017.4 (win64) Build 2086221 Fri Dec 15 20:55:39 MST 2017
| Date         : Tue May 17 21:46:41 2022
| Host         : LAPTOP-GIMOV2AL running 64-bit major release  (build 9200)
| Command      : upgrade_ip
| Device       : xc7k160tffg676-2L
------------------------------------------------------------------------------------

Upgrade Log for IP 'Pipeline_IF_0'

1. Summary
----------

SUCCESS in the conversion of Pipeline_IF_0 (xilinx.com:user:Pipeline_IF:1.0 (Rev. 2)) to Vivado generation flows.






Copyright 1986-2017 Xilinx, Inc. All Rights Reserved.
------------------------------------------------------------------------------------
| Tool Version : Vivado v.2017.4 (win64) Build 2086221 Fri Dec 15 20:55:39 MST 2017
| Date         : Tue May 17 19:43:52 2022
| Host         : LAPTOP-GIMOV2AL running 64-bit major release  (build 9200)
| Command      : upgrade_ip
| Device       : xc7k160tffg676-2L
------------------------------------------------------------------------------------

Upgrade Log for IP 'stall_0'

1. Summary
----------

SUCCESS in the conversion of stall_0 (xilinx.com:user:stall:1.0 (Rev. 2)) to Vivado generation flows.






Copyright 1986-2017 Xilinx, Inc. All Rights Reserved.
------------------------------------------------------------------------------------
| Tool Version : Vivado v.2017.4 (win64) Build 2086221 Fri Dec 15 20:55:39 MST 2017
| Date         : Tue May 17 18:34:09 2022
| Host         : LAPTOP-GIMOV2AL running 64-bit major release  (build 9200)
| Command      : upgrade_ip
| Device       : xc7k160tffg676-2L
------------------------------------------------------------------------------------

Upgrade Log for IP 'Pipeline_Ex_0'

1. Summary
----------

SUCCESS in the conversion of Pipeline_Ex_0 (xilinx.com:user:Pipeline_Ex:1.0 (Rev. 2)) to Vivado generation flows.






Copyright 1986-2017 Xilinx, Inc. All Rights Reserved.
------------------------------------------------------------------------------------
| Tool Version : Vivado v.2017.4 (win64) Build 2086221 Fri Dec 15 20:55:39 MST 2017
| Date         : Tue May 17 18:33:50 2022
| Host         : LAPTOP-GIMOV2AL running 64-bit major release  (build 9200)
| Command      : upgrade_ip
| Device       : xc7k160tffg676-2L
------------------------------------------------------------------------------------

Upgrade Log for IP 'Pipeline_IF_0'

1. Summary
----------

SUCCESS in the conversion of Pipeline_IF_0 (xilinx.com:user:Pipeline_IF:1.0 (Rev. 2)) to Vivado generation flows.






Copyright 1986-2017 Xilinx, Inc. All Rights Reserved.
------------------------------------------------------------------------------------
| Tool Version : Vivado v.2017.4 (win64) Build 2086221 Fri Dec 15 20:55:39 MST 2017
| Date         : Fri May 13 19:30:45 2022
| Host         : LAPTOP-GIMOV2AL running 64-bit major release  (build 9200)
| Command      : upgrade_ip
| Device       : xc7k160tffg676-2L
------------------------------------------------------------------------------------

Upgrade Log for IP 'Pipeline_Ex_0'

1. Summary
----------

SUCCESS in the conversion of Pipeline_Ex_0 (xilinx.com:user:Pipeline_Ex:1.0 (Rev. 2)) to Vivado generation flows.






Copyright 1986-2017 Xilinx, Inc. All Rights Reserved.
------------------------------------------------------------------------------------
| Tool Version : Vivado v.2017.4 (win64) Build 2086221 Fri Dec 15 20:55:39 MST 2017
| Date         : Fri May 13 19:24:41 2022
| Host         : LAPTOP-GIMOV2AL running 64-bit major release  (build 9200)
| Command      : upgrade_ip
| Device       : xc7k160tffg676-2L
------------------------------------------------------------------------------------

Upgrade Log for IP 'Pipeline_Ex_0'

1. Summary
----------

SUCCESS in the conversion of Pipeline_Ex_0 (xilinx.com:user:Pipeline_Ex:1.0 (Rev. 2)) to Vivado generation flows.






Copyright 1986-2017 Xilinx, Inc. All Rights Reserved.
------------------------------------------------------------------------------------
| Tool Version : Vivado v.2017.4 (win64) Build 2086221 Fri Dec 15 20:55:39 MST 2017
| Date         : Fri May 13 19:24:19 2022
| Host         : LAPTOP-GIMOV2AL running 64-bit major release  (build 9200)
| Command      : upgrade_ip
| Device       : xc7k160tffg676-2L
------------------------------------------------------------------------------------

Upgrade Log for IP 'Pipeline_IF_0'

1. Summary
----------

SUCCESS in the conversion of Pipeline_IF_0 (xilinx.com:user:Pipeline_IF:1.0 (Rev. 2)) to Vivado generation flows.

