#-----------------------------------------------------------
# Vivado v2017.4 (64-bit)
# SW Build 2086221 on Fri Dec 15 20:55:39 MST 2017
# IP Build 2085800 on Fri Dec 15 22:25:07 MST 2017
# Start of session at: Tue Apr 12 18:41:35 2022
# Process ID: 20192
# Current directory: C:/Users/lenovo/Desktop/Computer Organization Lab/Lab4/Lab4_final/IP/SCPU_ctrl_Int
# Command line: vivado.exe -gui_launcher_event rodinguilauncherevent21396 C:\Users\lenovo\Desktop\Computer Organization Lab\Lab4\Lab4_final\IP\SCPU_ctrl_Int\SCPU_ctrl_Int.xpr
# Log file: C:/Users/lenovo/Desktop/Computer Organization Lab/Lab4/Lab4_final/IP/SCPU_ctrl_Int/vivado.log
# Journal file: C:/Users/lenovo/Desktop/Computer Organization Lab/Lab4/Lab4_final/IP/SCPU_ctrl_Int\vivado.jou
#-----------------------------------------------------------
start_gui
open_project {C:/Users/lenovo/Desktop/Computer Organization Lab/Lab4/Lab4_final/IP/SCPU_ctrl_Int/SCPU_ctrl_Int.xpr}
INFO: [ProjectBase 1-489] The host OS only allows 260 characters in a normal path. The project is stored in a path with more than 80 characters. If you experience issues with IP, Block Designs, or files not being found, please consider moving the project to a location with a shorter path. Alternately consider using the OS subst command to map part of the path to a drive letter.
Current project path is 'C:/Users/lenovo/Desktop/Computer Organization Lab/Lab4/Lab4_final/IP/SCPU_ctrl_Int'
Scanning sources...
Finished scanning sources
INFO: [IP_Flow 19-234] Refreshing IP repositories
INFO: [IP_Flow 19-1700] Loaded user IP repository 'c:/Users/lenovo/Desktop/Computer Organization Lab/Lab4/Lab4_final/IP/SCPU_ctrl_Int/SCPU_ctrl_Int.srcs/sources_1/new'.
INFO: [IP_Flow 19-2313] Loaded Vivado IP repository 'D:/vivado2017/Vivado/2017.4/data/ip'.
open_project: Time (s): cpu = 00:00:08 ; elapsed = 00:00:07 . Memory (MB): peak = 753.684 ; gain = 80.949
update_compile_order -fileset sources_1
ipx::package_project -root_dir {c:/users/lenovo/desktop/computer organization lab/lab4/lab4_final/ip/scpu_ctrl_int/scpu_ctrl_int.srcs/sources_1/new} -vendor xilinx.com -library user -taxonomy /UserIP -force
set_property core_revision 2 [ipx::current_core]
ipx::create_xgui_files [ipx::current_core]
ipx::update_checksums [ipx::current_core]
ipx::save_core [ipx::current_core]
update_ip_catalog -rebuild -repo_path {c:/Users/lenovo/Desktop/Computer Organization Lab/Lab4/Lab4_final/IP/SCPU_ctrl_Int/SCPU_ctrl_Int.srcs/sources_1/new}
INFO: [IP_Flow 19-725] Reloaded user IP repository 'c:/Users/lenovo/Desktop/Computer Organization Lab/Lab4/Lab4_final/IP/SCPU_ctrl_Int/SCPU_ctrl_Int.srcs/sources_1/new'
set_property core_revision 3 [ipx::current_core]
ipx::create_xgui_files [ipx::current_core]
ipx::update_checksums [ipx::current_core]
ipx::save_core [ipx::current_core]
update_ip_catalog -rebuild -repo_path {c:/Users/lenovo/Desktop/Computer Organization Lab/Lab4/Lab4_final/IP/SCPU_ctrl_Int/SCPU_ctrl_Int.srcs/sources_1/new}
INFO: [IP_Flow 19-725] Reloaded user IP repository 'c:/Users/lenovo/Desktop/Computer Organization Lab/Lab4/Lab4_final/IP/SCPU_ctrl_Int/SCPU_ctrl_Int.srcs/sources_1/new'
exit
INFO: [Common 17-206] Exiting Vivado at Tue Apr 12 18:45:49 2022...
