#-----------------------------------------------------------
# Vivado v2017.4 (64-bit)
# SW Build 2086221 on Fri Dec 15 20:55:39 MST 2017
# IP Build 2085800 on Fri Dec 15 22:25:07 MST 2017
# Start of session at: Mon Feb 28 21:24:15 2022
# Process ID: 82488
# Current directory: C:/Users/lenovo/Desktop/Computer Organization Lab/Lab0/tools/srl32
# Command line: vivado.exe -gui_launcher_event rodinguilauncherevent89204 C:\Users\lenovo\Desktop\Computer Organization Lab\Lab0\tools\srl32\srl32.xpr
# Log file: C:/Users/lenovo/Desktop/Computer Organization Lab/Lab0/tools/srl32/vivado.log
# Journal file: C:/Users/lenovo/Desktop/Computer Organization Lab/Lab0/tools/srl32\vivado.jou
#-----------------------------------------------------------
start_gui
open_project {C:/Users/lenovo/Desktop/Computer Organization Lab/Lab0/tools/srl32/srl32.xpr}
Scanning sources...
Finished scanning sources
INFO: [IP_Flow 19-234] Refreshing IP repositories
INFO: [IP_Flow 19-1700] Loaded user IP repository 'c:/Users/lenovo/Desktop/Computer Organization Lab/Lab0/tools/srl32/srl32.srcs/sources_1/new'.
INFO: [IP_Flow 19-2313] Loaded Vivado IP repository 'D:/vivado2017/Vivado/2017.4/data/ip'.
open_project: Time (s): cpu = 00:00:10 ; elapsed = 00:00:11 . Memory (MB): peak = 760.426 ; gain = 93.547
update_compile_order -fileset sources_1
ipx::package_project -root_dir {c:/users/lenovo/desktop/computer organization lab/lab0/tools/srl32/srl32.srcs/sources_1/new} -vendor xilinx.com -library user -taxonomy /UserIP -force
set_property core_revision 2 [ipx::current_core]
ipx::create_xgui_files [ipx::current_core]
ipx::update_checksums [ipx::current_core]
ipx::save_core [ipx::current_core]
update_ip_catalog -rebuild -repo_path {c:/Users/lenovo/Desktop/Computer Organization Lab/Lab0/tools/srl32/srl32.srcs/sources_1/new}
INFO: [IP_Flow 19-725] Reloaded user IP repository 'c:/Users/lenovo/Desktop/Computer Organization Lab/Lab0/tools/srl32/srl32.srcs/sources_1/new'
close_project
open_project {C:/Users/lenovo/Desktop/Computer Organization Lab/Lab1/OExp_ALU/OExp_ALU.xpr}
Scanning sources...
Finished scanning sources
INFO: [IP_Flow 19-234] Refreshing IP repositories
INFO: [IP_Flow 19-1700] Loaded user IP repository 'c:/Users/lenovo/Desktop/Computer Organization Lab/Lab1/OExp_ALU/OExp_ALU.srcs'.
INFO: [IP_Flow 19-1700] Loaded user IP repository 'c:/Users/lenovo/Desktop/Computer Organization Lab/Lab0/tools/IP'.
INFO: [IP_Flow 19-2313] Loaded Vivado IP repository 'D:/vivado2017/Vivado/2017.4/data/ip'.
open_project: Time (s): cpu = 00:00:04 ; elapsed = 00:00:05 . Memory (MB): peak = 812.941 ; gain = 0.000
update_compile_order -fileset sources_1
open_bd_design {C:/Users/lenovo/Desktop/Computer Organization Lab/Lab1/OExp_ALU/OExp_ALU.srcs/sources_1/bd/ALU/ALU.bd}
Adding cell -- xilinx.com:user:MUX8T1_32:1.0 - MUX8T1_32_0
Adding cell -- xilinx.com:user:or_bit_32:1.0 - or_bit_32_0
Adding cell -- xilinx.com:user:and32:1.0 - and32_0
Adding cell -- xilinx.com:user:or32:1.0 - or32_0
Adding cell -- xilinx.com:ip:xlslice:1.0 - xlslice_0
Adding cell -- xilinx.com:user:xor32:1.0 - xor32_0
Adding cell -- xilinx.com:user:nor32:1.0 - nor32_0
Adding cell -- xilinx.com:user:srl32:1.0 - srl32_0
Adding cell -- xilinx.com:ip:xlconcat:2.1 - xlconcat_0
Adding cell -- xilinx.com:ip:xlconstant:1.1 - xlconstant_0
Adding cell -- xilinx.com:ip:xlslice:1.0 - xlslice_1
Adding cell -- xilinx.com:user:xor32:1.0 - xor32_1
Adding cell -- xilinx.com:user:SignalExt_32:1.0 - SignalExt_32_0
Adding cell -- xilinx.com:ip:xlslice:1.0 - xlslice_2
Adding cell -- xilinx.com:user:addc_32:1.0 - addc_32_0
Successfully read diagram <ALU> from BD file <C:/Users/lenovo/Desktop/Computer Organization Lab/Lab1/OExp_ALU/OExp_ALU.srcs/sources_1/bd/ALU/ALU.bd>
open_bd_design: Time (s): cpu = 00:00:06 ; elapsed = 00:00:10 . Memory (MB): peak = 885.609 ; gain = 71.129
close_project
create_project OExp_newALU {C:/Users/lenovo/Desktop/Computer Organization Lab/Lab1/OExp_newALU} -part xc7k160tffg676-2L
INFO: [IP_Flow 19-234] Refreshing IP repositories
INFO: [IP_Flow 19-1704] No user IP repositories specified
INFO: [IP_Flow 19-2313] Loaded Vivado IP repository 'D:/vivado2017/Vivado/2017.4/data/ip'.
create_project: Time (s): cpu = 00:00:04 ; elapsed = 00:00:07 . Memory (MB): peak = 898.074 ; gain = 0.000
set_property  ip_repo_paths  {{C:/Users/lenovo/Desktop/Computer Organization Lab/Lab0/tools}} [current_project]
update_ip_catalog
INFO: [IP_Flow 19-234] Refreshing IP repositories
INFO: [IP_Flow 19-1700] Loaded user IP repository 'c:/Users/lenovo/Desktop/Computer Organization Lab/Lab0/tools'.
CRITICAL WARNING: [IP_Flow 19-1663] Duplicate IP found for 'xilinx.com:user:addc_32:1.0'. The one found in IP location 'c:/Users/lenovo/Desktop/Computer Organization Lab/Lab0/tools/addc_32/addc_32.srcs/sources_1/new' will take precedence over the same IP in location c:/Users/lenovo/Desktop/Computer Organization Lab/Lab0/tools/IP/addc_32.srcs/sources_1/new
CRITICAL WARNING: [IP_Flow 19-1663] Duplicate IP found for 'xilinx.com:user:add_32:1.0'. The one found in IP location 'c:/Users/lenovo/Desktop/Computer Organization Lab/Lab0/tools/add_32/add_32.srcs/sources_1/new' will take precedence over the same IP in location c:/Users/lenovo/Desktop/Computer Organization Lab/Lab0/tools/IP/add_32.srcs/sources_1/new
CRITICAL WARNING: [IP_Flow 19-1663] Duplicate IP found for 'xilinx.com:user:and32:1.0'. The one found in IP location 'c:/Users/lenovo/Desktop/Computer Organization Lab/Lab0/tools/and32/and32.srcs/sources_1/new' will take precedence over the same IP in location c:/Users/lenovo/Desktop/Computer Organization Lab/Lab0/tools/IP/and32.srcs/sources_1/new
CRITICAL WARNING: [IP_Flow 19-1663] Duplicate IP found for 'xilinx.com:user:Ext_imm16:1.0'. The one found in IP location 'c:/Users/lenovo/Desktop/Computer Organization Lab/Lab0/tools/Ext_imm16/Ext_imm16.srcs/sources_1/new' will take precedence over the same IP in location c:/Users/lenovo/Desktop/Computer Organization Lab/Lab0/tools/IP/Ext_imm16.srcs/sources_1/new
CRITICAL WARNING: [IP_Flow 19-1663] Duplicate IP found for 'xilinx.com:user:MUX2T1_32:1.0'. The one found in IP location 'c:/Users/lenovo/Desktop/Computer Organization Lab/Lab0/tools/IP/MUX2T1_32.srcs/sources_1/new' will take precedence over the same IP in location c:/Users/lenovo/Desktop/Computer Organization Lab/Lab0/tools/MUX2T1_32/MUX2T1_32.srcs/sources_1/new
CRITICAL WARNING: [IP_Flow 19-1663] Duplicate IP found for 'xilinx.com:user:MUX2T1_5:1.0'. The one found in IP location 'c:/Users/lenovo/Desktop/Computer Organization Lab/Lab0/tools/IP/MUX2T1_5.srcs/sources_1/new' will take precedence over the same IP in location c:/Users/lenovo/Desktop/Computer Organization Lab/Lab0/tools/MUX2T1_5/MUX2T1_5.srcs/sources_1/new
CRITICAL WARNING: [IP_Flow 19-1663] Duplicate IP found for 'xilinx.com:user:MUX2T1_64:1.0'. The one found in IP location 'c:/Users/lenovo/Desktop/Computer Organization Lab/Lab0/tools/IP/MUX2T1_64.srcs/sources_1/new' will take precedence over the same IP in location c:/Users/lenovo/Desktop/Computer Organization Lab/Lab0/tools/MUX2T1_64/MUX2T1_64.srcs/sources_1/new
CRITICAL WARNING: [IP_Flow 19-1663] Duplicate IP found for 'xilinx.com:user:MUX2T1_8:1.0'. The one found in IP location 'c:/Users/lenovo/Desktop/Computer Organization Lab/Lab0/tools/IP/MUX2T1_8.srcs/sources_1/new' will take precedence over the same IP in location c:/Users/lenovo/Desktop/Computer Organization Lab/Lab0/tools/MUX2T1_8/MUX2T1_8.srcs/sources_1/new
CRITICAL WARNING: [IP_Flow 19-1663] Duplicate IP found for 'xilinx.com:user:MUX4T1_32:1.0'. The one found in IP location 'c:/Users/lenovo/Desktop/Computer Organization Lab/Lab0/tools/IP/MUX4T1_32.srcs/sources_1/new' will take precedence over the same IP in location c:/Users/lenovo/Desktop/Computer Organization Lab/Lab0/tools/MUX4T1_32/MUX4T1_32.srcs/sources_1/new
CRITICAL WARNING: [IP_Flow 19-1663] Duplicate IP found for 'xilinx.com:user:MUX4T1_5:1.0'. The one found in IP location 'c:/Users/lenovo/Desktop/Computer Organization Lab/Lab0/tools/IP/MUX4T1_5.srcs/sources_1/new' will take precedence over the same IP in location c:/Users/lenovo/Desktop/Computer Organization Lab/Lab0/tools/MUX4T1_5/MUX4T1_5.srcs/sources_1/new
CRITICAL WARNING: [IP_Flow 19-1663] Duplicate IP found for 'xilinx.com:user:MUX8T1_32:1.0'. The one found in IP location 'c:/Users/lenovo/Desktop/Computer Organization Lab/Lab0/tools/IP/MUX8T1_32.srcs/sources_1/new' will take precedence over the same IP in location c:/Users/lenovo/Desktop/Computer Organization Lab/Lab0/tools/MUX8T1_32/MUX8T1_32.srcs/sources_1/new
CRITICAL WARNING: [IP_Flow 19-1663] Duplicate IP found for 'xilinx.com:user:MUX8T1_8:1.0'. The one found in IP location 'c:/Users/lenovo/Desktop/Computer Organization Lab/Lab0/tools/IP/MUX8T1_8.srcs/sources_1/new' will take precedence over the same IP in location c:/Users/lenovo/Desktop/Computer Organization Lab/Lab0/tools/MUX8T1_8/MUX8T1_8.srcs/sources_1/new
CRITICAL WARNING: [IP_Flow 19-1663] Duplicate IP found for 'xilinx.com:user:nor32:1.0'. The one found in IP location 'c:/Users/lenovo/Desktop/Computer Organization Lab/Lab0/tools/IP/nor32.srcs/sources_1/new' will take precedence over the same IP in location c:/Users/lenovo/Desktop/Computer Organization Lab/Lab0/tools/nor32/nor32.srcs/sources_1/new
CRITICAL WARNING: [IP_Flow 19-1663] Duplicate IP found for 'xilinx.com:user:or32:1.0'. The one found in IP location 'c:/Users/lenovo/Desktop/Computer Organization Lab/Lab0/tools/IP/or32.srcs/sources_1/new' will take precedence over the same IP in location c:/Users/lenovo/Desktop/Computer Organization Lab/Lab0/tools/or32/or32.srcs/sources_1/new
CRITICAL WARNING: [IP_Flow 19-1663] Duplicate IP found for 'xilinx.com:user:or_bit_32:1.0'. The one found in IP location 'c:/Users/lenovo/Desktop/Computer Organization Lab/Lab0/tools/IP/or_bit_32.srcs/sources_1/new' will take precedence over the same IP in location c:/Users/lenovo/Desktop/Computer Organization Lab/Lab0/tools/or_bit_32/or_bit_32.srcs/sources_1/new
CRITICAL WARNING: [IP_Flow 19-1663] Duplicate IP found for 'xilinx.com:user:SignalExt_32:1.0'. The one found in IP location 'c:/Users/lenovo/Desktop/Computer Organization Lab/Lab0/tools/IP/SignalExt_32.srcs/sources_1/new' will take precedence over the same IP in location c:/Users/lenovo/Desktop/Computer Organization Lab/Lab0/tools/SignalExt_32/SignalExt_32.srcs/sources_1/new
CRITICAL WARNING: [IP_Flow 19-1663] Duplicate IP found for 'xilinx.com:user:srl32:1.0'. The one found in IP location 'c:/Users/lenovo/Desktop/Computer Organization Lab/Lab0/tools/IP/srl32.srcs/sources_1/new' will take precedence over the same IP in location c:/Users/lenovo/Desktop/Computer Organization Lab/Lab0/tools/srl32/srl32.srcs/sources_1/new
CRITICAL WARNING: [IP_Flow 19-1663] Duplicate IP found for 'xilinx.com:user:xor32:1.0'. The one found in IP location 'c:/Users/lenovo/Desktop/Computer Organization Lab/Lab0/tools/IP/xor32.srcs/sources_1/new' will take precedence over the same IP in location c:/Users/lenovo/Desktop/Computer Organization Lab/Lab0/tools/xor32/xor32.srcs/sources_1/new
set_property  ip_repo_paths  {} [current_project]
update_ip_catalog
INFO: [IP_Flow 19-234] Refreshing IP repositories
INFO: [IP_Flow 19-1704] No user IP repositories specified
set_property  ip_repo_paths  {{C:/Users/lenovo/Desktop/Computer Organization Lab/Lab0/tools}} [current_project]
update_ip_catalog
INFO: [IP_Flow 19-234] Refreshing IP repositories
INFO: [IP_Flow 19-1700] Loaded user IP repository 'c:/Users/lenovo/Desktop/Computer Organization Lab/Lab0/tools'.
exit
INFO: [Common 17-206] Exiting Vivado at Mon Feb 28 22:27:44 2022...
