#-----------------------------------------------------------
# Vivado v2017.4 (64-bit)
# SW Build 2086221 on Fri Dec 15 20:55:39 MST 2017
# IP Build 2085800 on Fri Dec 15 22:25:07 MST 2017
# Start of session at: Thu May 13 15:30:49 2021
# Process ID: 12332
# Current directory: C:/Users/ASUS/Desktop/OExp_RISCV/OExp05/basic/OExp04-IP2SOC/IP/Supplementary/VGA
# Command line: vivado.exe -gui_launcher_event rodinguilauncherevent8172 C:\Users\ASUS\Desktop\OExp_RISCV\OExp05\basic\OExp04-IP2SOC\IP\Supplementary\VGA\VGA.xpr
# Log file: C:/Users/ASUS/Desktop/OExp_RISCV/OExp05/basic/OExp04-IP2SOC/IP/Supplementary/VGA/vivado.log
# Journal file: C:/Users/ASUS/Desktop/OExp_RISCV/OExp05/basic/OExp04-IP2SOC/IP/Supplementary/VGA\vivado.jou
#-----------------------------------------------------------
start_gui
open_project C:/Users/ASUS/Desktop/OExp_RISCV/OExp05/basic/OExp04-IP2SOC/IP/Supplementary/VGA/VGA.xpr
INFO: [Project 1-313] Project file moved from 'C:/Users/ASUS/Desktop/OExp_RISCV/OExp05/basic/IP/CPU/pipeline/VGA' since last save.
Scanning sources...
Finished scanning sources
INFO: [IP_Flow 19-234] Refreshing IP repositories
INFO: [IP_Flow 19-1700] Loaded user IP repository 'c:/Users/ASUS/Desktop/OExp_RISCV/OExp05/basic/OExp04-IP2SOC/IP/Supplementary/VGA/VGA.srcs/sources_1'.
INFO: [IP_Flow 19-2313] Loaded Vivado IP repository 'D:/VIVADO/Vivado/2017.4/data/ip'.
update_compile_order -fileset sources_1
ipx::package_project -root_dir c:/users/asus/desktop/oexp_riscv/oexp05/basic/oexp04-ip2soc/ip/supplementary/vga/vga.srcs/sources_1 -vendor xilinx.com -library user -taxonomy /UserIP -force
INFO: [IP_Flow 19-4753] Inferred signal 'reset' from port 'rst' as interface 'rst'.
set_property description VGA [ipx::current_core]
set_property display_name VGA_ [ipx::current_core]
ipx::add_bus_parameter POLARITY [ipx::get_bus_interfaces rst -of_objects [ipx::current_core]]
set_property value ACTIVE_HIGH [ipx::get_bus_parameters POLARITY -of_objects [ipx::get_bus_interfaces rst -of_objects [ipx::current_core]]]
set_property core_revision 2 [ipx::current_core]
ipx::create_xgui_files [ipx::current_core]
ipx::update_checksums [ipx::current_core]
ipx::save_core [ipx::current_core]
update_ip_catalog -rebuild -repo_path c:/Users/ASUS/Desktop/OExp_RISCV/OExp05/basic/OExp04-IP2SOC/IP/Supplementary/VGA/VGA.srcs/sources_1
INFO: [IP_Flow 19-725] Reloaded user IP repository 'c:/Users/ASUS/Desktop/OExp_RISCV/OExp05/basic/OExp04-IP2SOC/IP/Supplementary/VGA/VGA.srcs/sources_1'
set_property display_name VGA [ipx::current_core]
set_property core_revision 3 [ipx::current_core]
ipx::create_xgui_files [ipx::current_core]
ipx::update_checksums [ipx::current_core]
ipx::save_core [ipx::current_core]
update_ip_catalog -rebuild -repo_path c:/Users/ASUS/Desktop/OExp_RISCV/OExp05/basic/OExp04-IP2SOC/IP/Supplementary/VGA/VGA.srcs/sources_1
INFO: [IP_Flow 19-725] Reloaded user IP repository 'c:/Users/ASUS/Desktop/OExp_RISCV/OExp05/basic/OExp04-IP2SOC/IP/Supplementary/VGA/VGA.srcs/sources_1'
close_project
exit
INFO: [Common 17-206] Exiting Vivado at Thu May 13 15:32:25 2021...
