#-----------------------------------------------------------
# Vivado v2017.4 (64-bit)
# SW Build 2086221 on Fri Dec 15 20:55:39 MST 2017
# IP Build 2085800 on Fri Dec 15 22:25:07 MST 2017
# Start of session at: Sun May 16 12:41:38 2021
# Process ID: 12112
# Current directory: C:/Users/ASUS/Desktop/stall/IP/Supplementary/VGA
# Command line: vivado.exe -gui_launcher_event rodinguilauncherevent12116 C:\Users\ASUS\Desktop\stall\IP\Supplementary\VGA\VGA.xpr
# Log file: C:/Users/ASUS/Desktop/stall/IP/Supplementary/VGA/vivado.log
# Journal file: C:/Users/ASUS/Desktop/stall/IP/Supplementary/VGA\vivado.jou
#-----------------------------------------------------------
start_gui
open_project C:/Users/ASUS/Desktop/stall/IP/Supplementary/VGA/VGA.xpr
INFO: [Project 1-313] Project file moved from 'C:/Users/ASUS/Desktop/OExp_RISCV/OExp05/basic/OExp04-IP2SOC/IP/Supplementary/VGA' since last save.
Scanning sources...
Finished scanning sources
INFO: [IP_Flow 19-234] Refreshing IP repositories
INFO: [IP_Flow 19-1700] Loaded user IP repository 'c:/Users/ASUS/Desktop/stall/IP/Supplementary/VGA/VGA.srcs/sources_1'.
INFO: [IP_Flow 19-2313] Loaded Vivado IP repository 'D:/VIVADO/Vivado/2017.4/data/ip'.
open_project: Time (s): cpu = 00:00:11 ; elapsed = 00:00:15 . Memory (MB): peak = 758.852 ; gain = 100.148
update_compile_order -fileset sources_1
